{"level":"info","message":"onRequest - completionItem/resolve","timestamp":"2024-10-30T17:12:53.714Z"}
{"level":"info","message":"⌛ Validating Practica/pokemonDelfi.wlk","timeElapsed":185,"timestamp":"2024-10-30T17:12:54.080Z"}
{"level":"info","message":"⌛ Validating Practica/pokemonDelfi.wlk","timeElapsed":175,"timestamp":"2024-10-30T17:12:54.080Z"}
{"level":"error","message":"✘ Failed to rebuild document Failed to parse Practica/pokemonDelfi.wlk: \n-- PARSING FAILED --------------------------------------------------\n\n  35 |     } \n  36 |     method \n> 37 | }\n     | ^\n  38 | \n  39 | object danino{\n\nExpected one of the following: \n\n'!=', '!==', '%', '&&', '*', '**', '+', '-', '->', '..', '..<', '/', '<', '<<', '<<<', '<=', '<=>', '<>', '==', '===', '>', '>..', '>=', '>>', '>>>', '?:', 'and', 'invert', 'negate', 'or', 'plus', '||', identifier, whitespace\n","stack":"Error: Failed to parse Practica/pokemonDelfi.wlk: \n-- PARSING FAILED --------------------------------------------------\n\n  35 |     } \n  36 |     method \n> 37 | }\n     | ^\n  38 | \n  39 | object danino{\n\nExpected one of the following: \n\n'!=', '!==', '%', '&&', '*', '**', '+', '-', '->', '..', '..<', '/', '<', '<<', '<<<', '<=', '<=>', '<>', '==', '===', '>', '>..', '>=', '>>', '>>>', '?:', 'and', 'invert', 'negate', 'or', 'plus', '||', identifier, whitespace\n\n    at c:\\Users\\delfi\\.vscode\\extensions\\uqbar.wollok-lsp-ide-0.3.6\\out\\server\\src\\server.js:2254:32415\n    at Array.map (<anonymous>)\n    at Jfn (c:\\Users\\delfi\\.vscode\\extensions\\uqbar.wollok-lsp-ide-0.3.6\\out\\server\\src\\server.js:2254:32339)\n    at k2.buildEnvironmentFrom (c:\\Users\\delfi\\.vscode\\extensions\\uqbar.wollok-lsp-ide-0.3.6\\out\\server\\src\\server.js:2285:6721)\n    at k2.updateEnvironmentWith (c:\\Users\\delfi\\.vscode\\extensions\\uqbar.wollok-lsp-ide-0.3.6\\out\\server\\src\\server.js:2285:6456)\n    at jL (c:\\Users\\delfi\\.vscode\\extensions\\uqbar.wollok-lsp-ide-0.3.6\\out\\server\\src\\server.js:2298:2292)\n    at v3.invoke (c:\\Users\\delfi\\.vscode\\extensions\\uqbar.wollok-lsp-ide-0.3.6\\out\\server\\src\\server.js:3:157200)\n    at o.fire (c:\\Users\\delfi\\.vscode\\extensions\\uqbar.wollok-lsp-ide-0.3.6\\out\\server\\src\\server.js:3:157970)\n    at c:\\Users\\delfi\\.vscode\\extensions\\uqbar.wollok-lsp-ide-0.3.6\\out\\server\\src\\server.js:37:57871\n    at Vr (c:\\Users\\delfi\\.vscode\\extensions\\uqbar.wollok-lsp-ide-0.3.6\\out\\server\\src\\server.js:8:1561)","timestamp":"2024-10-30T17:12:54.092Z"}
{"level":"info","message":"onRequest - completionItem/resolve","timestamp":"2024-10-30T17:12:54.094Z"}
{"level":"info","message":"⌛ Validating Practica/pokemonDelfi.wlk","timeElapsed":175,"timestamp":"2024-10-30T17:12:54.270Z"}
{"level":"info","message":"⌛ Building environment","timeElapsed":291,"timestamp":"2024-10-30T17:12:54.562Z"}
{"level":"info","message":"⌛ Building environment","timeElapsed":120,"timestamp":"2024-10-30T17:12:54.683Z"}
{"level":"info","message":"⌛ Building environment","timeElapsed":110,"timestamp":"2024-10-30T17:12:54.827Z"}
{"level":"info","message":"⌛ Building environment","timeElapsed":107,"timestamp":"2024-10-30T17:12:54.934Z"}
{"level":"info","message":"⌛ Building environment","timeElapsed":120,"timestamp":"2024-10-30T17:12:55.055Z"}
{"level":"info","message":"⌛ Building environment","timeElapsed":112,"timestamp":"2024-10-30T17:12:55.167Z"}
{"level":"info","message":"⌛ Building environment","timeElapsed":117,"timestamp":"2024-10-30T17:12:55.285Z"}
{"level":"info","message":"⌛ Validating Practica/pokemonDelfi.wlk","timeElapsed":169,"timestamp":"2024-10-30T17:12:55.455Z"}
{"level":"info","message":"⌛ Validating Practica/pokemonDelfi.wlk","timeElapsed":158,"timestamp":"2024-10-30T17:12:55.613Z"}
{"level":"info","message":"⌛ Validating Practica/pokemonDelfi.wlk","timeElapsed":168,"timestamp":"2024-10-30T17:12:55.787Z"}
{"level":"info","message":"⌛ Validating Practica/pokemonDelfi.wlk","timeElapsed":159,"timestamp":"2024-10-30T17:12:55.945Z"}
{"level":"info","message":"⌛ Building environment","timeElapsed":116,"timestamp":"2024-10-30T17:12:56.062Z"}
{"level":"info","message":"⌛ Validating Practica/pokemonDelfi.wlk","timeElapsed":165,"timestamp":"2024-10-30T17:12:56.227Z"}
{"level":"info","message":"⌛ Building environment","timeElapsed":116,"timestamp":"2024-10-30T17:12:56.345Z"}
{"level":"info","message":"⌛ Validating Practica/pokemonDelfi.wlk","timeElapsed":168,"timestamp":"2024-10-30T17:12:56.517Z"}
{"level":"info","message":"⌛ Validating Practica/pokemonDelfi.wlk","timeElapsed":186,"timestamp":"2024-10-30T17:12:56.705Z"}
{"level":"info","message":"⌛ Building environment","timeElapsed":116,"timestamp":"2024-10-30T17:12:56.833Z"}
{"level":"info","message":"⌛ Validating Practica/pokemonDelfi.wlk","timeElapsed":205,"timestamp":"2024-10-30T17:12:57.044Z"}
{"level":"info","message":"⌛ Validating Practica/pokemonDelfi.wlk","timeElapsed":183,"timestamp":"2024-10-30T17:12:57.227Z"}
{"level":"info","message":"⌛ Building environment","timeElapsed":124,"timestamp":"2024-10-30T17:12:57.352Z"}
{"level":"info","message":"⌛ Validating Practica/pokemonDelfi.wlk","timeElapsed":184,"timestamp":"2024-10-30T17:12:57.542Z"}
{"level":"info","message":"⌛ Building environment","timeElapsed":112,"timestamp":"2024-10-30T17:12:57.654Z"}
{"level":"info","message":"⌛ Validating Practica/pokemonDelfi.wlk","timeElapsed":216,"timestamp":"2024-10-30T17:12:57.879Z"}
{"level":"info","message":"⌛ Building environment","timeElapsed":119,"timestamp":"2024-10-30T17:12:58.000Z"}
{"level":"info","message":"⌛ Validating Practica/pokemonDelfi.wlk","timeElapsed":163,"timestamp":"2024-10-30T17:12:58.168Z"}
{"level":"info","message":"⌛ Validating Practica/pokemonDelfi.wlk","timeElapsed":158,"timestamp":"2024-10-30T17:12:58.326Z"}
{"level":"info","message":"⌛ Building environment","timeElapsed":166,"timestamp":"2024-10-30T17:12:59.735Z"}
{"level":"error","message":"✘ Completions for node failed: Error: [Return]{9e51f3} at Practica/pokemonDelfi.wlk:-- exhausted all cases without a match [Return]{9e51f3} at Practica/pokemonDelfi.wlk:-- exhausted all cases without a match","stack":"Error: [Return]{9e51f3} at Practica/pokemonDelfi.wlk:-- exhausted all cases without a match\n    at c:\\Users\\delfi\\.vscode\\extensions\\uqbar.wollok-lsp-ide-0.3.6\\out\\server\\src\\server.js:38:6067\n    at yh (c:\\Users\\delfi\\.vscode\\extensions\\uqbar.wollok-lsp-ide-0.3.6\\out\\server\\src\\server.js:2291:42)\n    at kh (c:\\Users\\delfi\\.vscode\\extensions\\uqbar.wollok-lsp-ide-0.3.6\\out\\server\\src\\server.js:2291:1004)\n    at Y5n (c:\\Users\\delfi\\.vscode\\extensions\\uqbar.wollok-lsp-ide-0.3.6\\out\\server\\src\\server.js:2291:1160)\n    at c:\\Users\\delfi\\.vscode\\extensions\\uqbar.wollok-lsp-ide-0.3.6\\out\\server\\src\\server.js:38:6056\n    at yh (c:\\Users\\delfi\\.vscode\\extensions\\uqbar.wollok-lsp-ide-0.3.6\\out\\server\\src\\server.js:2291:42)\n    at c:\\Users\\delfi\\.vscode\\extensions\\uqbar.wollok-lsp-ide-0.3.6\\out\\server\\src\\server.js:2291:2700\n    at c:\\Users\\delfi\\.vscode\\extensions\\uqbar.wollok-lsp-ide-0.3.6\\out\\server\\src\\server.js:2298:3774\n    at c:\\Users\\delfi\\.vscode\\extensions\\uqbar.wollok-lsp-ide-0.3.6\\out\\server\\src\\server.js:37:74872\n    at Fe (c:\\Users\\delfi\\.vscode\\extensions\\uqbar.wollok-lsp-ide-0.3.6\\out\\server\\src\\server.js:7:8527)","timestamp":"2024-10-30T17:12:59.764Z"}
{"level":"info","message":"⌛ Building environment","timeElapsed":127,"timestamp":"2024-10-30T17:12:59.895Z"}
{"level":"info","message":"⌛ Validating Practica/pokemonDelfi.wlk","timeElapsed":175,"timestamp":"2024-10-30T17:13:00.070Z"}
{"level":"info","message":"onRequest - completionItem/resolve","timestamp":"2024-10-30T17:13:00.070Z"}
{"level":"info","message":"⌛ Building environment","timeElapsed":109,"timestamp":"2024-10-30T17:13:00.180Z"}
{"level":"info","message":"onRequest - completionItem/resolve","timestamp":"2024-10-30T17:13:00.181Z"}
{"level":"info","message":"⌛ Building environment","timeElapsed":112,"timestamp":"2024-10-30T17:13:00.294Z"}
{"level":"info","message":"onRequest - completionItem/resolve","timestamp":"2024-10-30T17:13:00.294Z"}
{"level":"info","message":"⌛ Validating Practica/pokemonDelfi.wlk","timeElapsed":181,"timestamp":"2024-10-30T17:13:00.476Z"}
{"level":"info","message":"⌛ Validating Practica/pokemonDelfi.wlk","timeElapsed":181,"timestamp":"2024-10-30T17:13:00.663Z"}
{"level":"info","message":"onRequest - completionItem/resolve","timestamp":"2024-10-30T17:13:00.664Z"}
{"level":"info","message":"⌛ Building environment","timeElapsed":123,"timestamp":"2024-10-30T17:13:00.787Z"}
{"level":"info","message":"⌛ Validating Practica/pokemonDelfi.wlk","timeElapsed":185,"timestamp":"2024-10-30T17:13:00.971Z"}
{"level":"info","message":"⌛ Validating Practica/pokemonDelfi.wlk","timeElapsed":157,"timestamp":"2024-10-30T17:13:01.137Z"}
{"level":"info","message":"⌛ Building environment","timeElapsed":109,"timestamp":"2024-10-30T17:13:01.248Z"}
{"level":"info","message":"⌛ Validating Practica/pokemonDelfi.wlk","timeElapsed":159,"timestamp":"2024-10-30T17:13:01.448Z"}
{"level":"info","message":"onRequest - completionItem/resolve","timestamp":"2024-10-30T17:13:01.448Z"}
{"level":"info","message":"⌛ Building environment","timeElapsed":136,"timestamp":"2024-10-30T17:13:01.677Z"}
{"level":"info","message":"onRequest - completionItem/resolve","timestamp":"2024-10-30T17:13:01.678Z"}
{"level":"info","message":"⌛ Building environment","timeElapsed":114,"timestamp":"2024-10-30T17:13:01.793Z"}
{"level":"info","message":"onRequest - completionItem/resolve","timestamp":"2024-10-30T17:13:01.793Z"}
{"level":"info","message":"⌛ Validating Practica/pokemonDelfi.wlk","timeElapsed":159,"timestamp":"2024-10-30T17:13:01.951Z"}
{"level":"info","message":"⌛ Validating Practica/pokemonDelfi.wlk","timeElapsed":193,"timestamp":"2024-10-30T17:13:02.145Z"}
{"level":"info","message":"⌛ Building environment","timeElapsed":131,"timestamp":"2024-10-30T17:13:02.283Z"}
{"level":"info","message":"⌛ Validating Practica/pokemonDelfi.wlk","timeElapsed":216,"timestamp":"2024-10-30T17:13:02.509Z"}
{"level":"info","message":"⌛ Building environment","timeElapsed":149,"timestamp":"2024-10-30T17:13:03.623Z"}
{"level":"error","message":"✘ Completions for node failed: Error: [Send]{3b3441} at Practica/pokemonDelfi.wlk:36 exhausted all cases without a match [Send]{3b3441} at Practica/pokemonDelfi.wlk:36 exhausted all cases without a match","stack":"Error: [Send]{3b3441} at Practica/pokemonDelfi.wlk:36 exhausted all cases without a match\n    at c:\\Users\\delfi\\.vscode\\extensions\\uqbar.wollok-lsp-ide-0.3.6\\out\\server\\src\\server.js:38:6067\n    at yh (c:\\Users\\delfi\\.vscode\\extensions\\uqbar.wollok-lsp-ide-0.3.6\\out\\server\\src\\server.js:2291:42)\n    at kh (c:\\Users\\delfi\\.vscode\\extensions\\uqbar.wollok-lsp-ide-0.3.6\\out\\server\\src\\server.js:2291:1004)\n    at Y5n (c:\\Users\\delfi\\.vscode\\extensions\\uqbar.wollok-lsp-ide-0.3.6\\out\\server\\src\\server.js:2291:1160)\n    at c:\\Users\\delfi\\.vscode\\extensions\\uqbar.wollok-lsp-ide-0.3.6\\out\\server\\src\\server.js:38:6056\n    at yh (c:\\Users\\delfi\\.vscode\\extensions\\uqbar.wollok-lsp-ide-0.3.6\\out\\server\\src\\server.js:2291:42)\n    at c:\\Users\\delfi\\.vscode\\extensions\\uqbar.wollok-lsp-ide-0.3.6\\out\\server\\src\\server.js:2291:2700\n    at c:\\Users\\delfi\\.vscode\\extensions\\uqbar.wollok-lsp-ide-0.3.6\\out\\server\\src\\server.js:2298:3774\n    at c:\\Users\\delfi\\.vscode\\extensions\\uqbar.wollok-lsp-ide-0.3.6\\out\\server\\src\\server.js:37:74872\n    at Fe (c:\\Users\\delfi\\.vscode\\extensions\\uqbar.wollok-lsp-ide-0.3.6\\out\\server\\src\\server.js:7:8527)","timestamp":"2024-10-30T17:13:03.670Z"}
{"level":"error","message":"✘ Completions for node failed: Error: [Return]{74c793} at Practica/pokemonDelfi.wlk:-- exhausted all cases without a match [Return]{74c793} at Practica/pokemonDelfi.wlk:-- exhausted all cases without a match","stack":"Error: [Return]{74c793} at Practica/pokemonDelfi.wlk:-- exhausted all cases without a match\n    at c:\\Users\\delfi\\.vscode\\extensions\\uqbar.wollok-lsp-ide-0.3.6\\out\\server\\src\\server.js:38:6067\n    at yh (c:\\Users\\delfi\\.vscode\\extensions\\uqbar.wollok-lsp-ide-0.3.6\\out\\server\\src\\server.js:2291:42)\n    at kh (c:\\Users\\delfi\\.vscode\\extensions\\uqbar.wollok-lsp-ide-0.3.6\\out\\server\\src\\server.js:2291:1004)\n    at yh (c:\\Users\\delfi\\.vscode\\extensions\\uqbar.wollok-lsp-ide-0.3.6\\out\\server\\src\\server.js:2291:456)\n    at kh (c:\\Users\\delfi\\.vscode\\extensions\\uqbar.wollok-lsp-ide-0.3.6\\out\\server\\src\\server.js:2291:1004)\n    at Y5n (c:\\Users\\delfi\\.vscode\\extensions\\uqbar.wollok-lsp-ide-0.3.6\\out\\server\\src\\server.js:2291:1160)\n    at c:\\Users\\delfi\\.vscode\\extensions\\uqbar.wollok-lsp-ide-0.3.6\\out\\server\\src\\server.js:38:6056\n    at yh (c:\\Users\\delfi\\.vscode\\extensions\\uqbar.wollok-lsp-ide-0.3.6\\out\\server\\src\\server.js:2291:42)\n    at c:\\Users\\delfi\\.vscode\\extensions\\uqbar.wollok-lsp-ide-0.3.6\\out\\server\\src\\server.js:2291:2700\n    at c:\\Users\\delfi\\.vscode\\extensions\\uqbar.wollok-lsp-ide-0.3.6\\out\\server\\src\\server.js:2298:3774","timestamp":"2024-10-30T17:13:03.670Z"}
{"level":"info","message":"⌛ Building environment","timeElapsed":126,"timestamp":"2024-10-30T17:13:03.801Z"}
{"level":"info","message":"⌛ Validating Practica/pokemonDelfi.wlk","timeElapsed":281,"timestamp":"2024-10-30T17:13:04.082Z"}
{"level":"info","message":"onRequest - completionItem/resolve","timestamp":"2024-10-30T17:13:04.082Z"}
{"level":"info","message":"⌛ Validating Practica/pokemonDelfi.wlk","timeElapsed":346,"timestamp":"2024-10-30T17:13:04.429Z"}
{"level":"info","message":"⌛ Building environment","timeElapsed":153,"timestamp":"2024-10-30T17:13:04.591Z"}
{"level":"info","message":"onRequest - completionItem/resolve","timestamp":"2024-10-30T17:13:04.591Z"}
{"level":"info","message":"⌛ Building environment","timeElapsed":233,"timestamp":"2024-10-30T17:13:04.833Z"}
{"level":"info","message":"⌛ Building environment","timeElapsed":206,"timestamp":"2024-10-30T17:13:05.050Z"}
{"level":"error","message":"✘ Completions for node failed: Error: [Send]{9dfca8} at Practica/pokemonDelfi.wlk:36 exhausted all cases without a match [Send]{9dfca8} at Practica/pokemonDelfi.wlk:36 exhausted all cases without a match","stack":"Error: [Send]{9dfca8} at Practica/pokemonDelfi.wlk:36 exhausted all cases without a match\n    at c:\\Users\\delfi\\.vscode\\extensions\\uqbar.wollok-lsp-ide-0.3.6\\out\\server\\src\\server.js:38:6067\n    at yh (c:\\Users\\delfi\\.vscode\\extensions\\uqbar.wollok-lsp-ide-0.3.6\\out\\server\\src\\server.js:2291:42)\n    at kh (c:\\Users\\delfi\\.vscode\\extensions\\uqbar.wollok-lsp-ide-0.3.6\\out\\server\\src\\server.js:2291:1004)\n    at Y5n (c:\\Users\\delfi\\.vscode\\extensions\\uqbar.wollok-lsp-ide-0.3.6\\out\\server\\src\\server.js:2291:1160)\n    at c:\\Users\\delfi\\.vscode\\extensions\\uqbar.wollok-lsp-ide-0.3.6\\out\\server\\src\\server.js:38:6056\n    at yh (c:\\Users\\delfi\\.vscode\\extensions\\uqbar.wollok-lsp-ide-0.3.6\\out\\server\\src\\server.js:2291:42)\n    at c:\\Users\\delfi\\.vscode\\extensions\\uqbar.wollok-lsp-ide-0.3.6\\out\\server\\src\\server.js:2291:2700\n    at c:\\Users\\delfi\\.vscode\\extensions\\uqbar.wollok-lsp-ide-0.3.6\\out\\server\\src\\server.js:2298:3774\n    at c:\\Users\\delfi\\.vscode\\extensions\\uqbar.wollok-lsp-ide-0.3.6\\out\\server\\src\\server.js:37:74872\n    at Fe (c:\\Users\\delfi\\.vscode\\extensions\\uqbar.wollok-lsp-ide-0.3.6\\out\\server\\src\\server.js:7:8527)","timestamp":"2024-10-30T17:13:05.092Z"}
{"level":"error","message":"✘ Completions for node failed: Error: [Return]{2bf4dc} at Practica/pokemonDelfi.wlk:-- exhausted all cases without a match [Return]{2bf4dc} at Practica/pokemonDelfi.wlk:-- exhausted all cases without a match","stack":"Error: [Return]{2bf4dc} at Practica/pokemonDelfi.wlk:-- exhausted all cases without a match\n    at c:\\Users\\delfi\\.vscode\\extensions\\uqbar.wollok-lsp-ide-0.3.6\\out\\server\\src\\server.js:38:6067\n    at yh (c:\\Users\\delfi\\.vscode\\extensions\\uqbar.wollok-lsp-ide-0.3.6\\out\\server\\src\\server.js:2291:42)\n    at kh (c:\\Users\\delfi\\.vscode\\extensions\\uqbar.wollok-lsp-ide-0.3.6\\out\\server\\src\\server.js:2291:1004)\n    at yh (c:\\Users\\delfi\\.vscode\\extensions\\uqbar.wollok-lsp-ide-0.3.6\\out\\server\\src\\server.js:2291:456)\n    at kh (c:\\Users\\delfi\\.vscode\\extensions\\uqbar.wollok-lsp-ide-0.3.6\\out\\server\\src\\server.js:2291:1004)\n    at Y5n (c:\\Users\\delfi\\.vscode\\extensions\\uqbar.wollok-lsp-ide-0.3.6\\out\\server\\src\\server.js:2291:1160)\n    at c:\\Users\\delfi\\.vscode\\extensions\\uqbar.wollok-lsp-ide-0.3.6\\out\\server\\src\\server.js:38:6056\n    at yh (c:\\Users\\delfi\\.vscode\\extensions\\uqbar.wollok-lsp-ide-0.3.6\\out\\server\\src\\server.js:2291:42)\n    at c:\\Users\\delfi\\.vscode\\extensions\\uqbar.wollok-lsp-ide-0.3.6\\out\\server\\src\\server.js:2291:2700\n    at c:\\Users\\delfi\\.vscode\\extensions\\uqbar.wollok-lsp-ide-0.3.6\\out\\server\\src\\server.js:2298:3774","timestamp":"2024-10-30T17:13:05.092Z"}
{"level":"info","message":"⌛ Building environment","timeElapsed":144,"timestamp":"2024-10-30T17:13:05.241Z"}
{"level":"info","message":"⌛ Building environment","timeElapsed":455,"timestamp":"2024-10-30T17:13:05.702Z"}
{"level":"info","message":"⌛ Validating Practica/pokemonDelfi.wlk","timeElapsed":186,"timestamp":"2024-10-30T17:13:05.888Z"}
{"level":"info","message":"⌛ Building environment","timeElapsed":258,"timestamp":"2024-10-30T17:13:06.148Z"}
{"level":"info","message":"⌛ Building environment","timeElapsed":177,"timestamp":"2024-10-30T17:13:06.325Z"}
{"level":"info","message":"⌛ Building environment","timeElapsed":162,"timestamp":"2024-10-30T17:13:06.488Z"}
{"level":"info","message":"⌛ Validating Practica/pokemonDelfi.wlk","timeElapsed":286,"timestamp":"2024-10-30T17:13:06.775Z"}
{"level":"info","message":"⌛ Validating Practica/pokemonDelfi.wlk","timeElapsed":208,"timestamp":"2024-10-30T17:13:06.984Z"}
{"level":"info","message":"onRequest - completionItem/resolve","timestamp":"2024-10-30T17:13:06.990Z"}
{"level":"info","message":"⌛ Validating Practica/pokemonDelfi.wlk","timeElapsed":206,"timestamp":"2024-10-30T17:13:07.197Z"}
{"level":"info","message":"⌛ Validating Practica/pokemonDelfi.wlk","timeElapsed":282,"timestamp":"2024-10-30T17:13:07.480Z"}
{"level":"info","message":"⌛ Validating Practica/pokemonDelfi.wlk","timeElapsed":263,"timestamp":"2024-10-30T17:13:07.745Z"}
{"level":"info","message":"⌛ Validating Practica/pokemonDelfi.wlk","timeElapsed":219,"timestamp":"2024-10-30T17:13:07.966Z"}
{"level":"info","message":"⌛ Validating Practica/pokemonDelfi.wlk","timeElapsed":245,"timestamp":"2024-10-30T17:13:08.213Z"}
{"level":"info","message":"⌛ Building environment","timeElapsed":211,"timestamp":"2024-10-30T17:13:08.426Z"}
{"level":"info","message":"⌛ Validating Practica/pokemonDelfi.wlk","timeElapsed":199,"timestamp":"2024-10-30T17:13:08.627Z"}
{"level":"info","message":"⌛ Building environment","timeElapsed":215,"timestamp":"2024-10-30T17:26:11.217Z"}
{"level":"error","message":"✘ Completions for node failed: Error: [Send]{fa82b3} at Practica/pokemonDelfi.wlk:13 exhausted all cases without a match [Send]{fa82b3} at Practica/pokemonDelfi.wlk:13 exhausted all cases without a match","stack":"Error: [Send]{fa82b3} at Practica/pokemonDelfi.wlk:13 exhausted all cases without a match\n    at c:\\Users\\delfi\\.vscode\\extensions\\uqbar.wollok-lsp-ide-0.3.6\\out\\server\\src\\server.js:38:6067\n    at yh (c:\\Users\\delfi\\.vscode\\extensions\\uqbar.wollok-lsp-ide-0.3.6\\out\\server\\src\\server.js:2291:42)\n    at kh (c:\\Users\\delfi\\.vscode\\extensions\\uqbar.wollok-lsp-ide-0.3.6\\out\\server\\src\\server.js:2291:1004)\n    at Y5n (c:\\Users\\delfi\\.vscode\\extensions\\uqbar.wollok-lsp-ide-0.3.6\\out\\server\\src\\server.js:2291:1160)\n    at c:\\Users\\delfi\\.vscode\\extensions\\uqbar.wollok-lsp-ide-0.3.6\\out\\server\\src\\server.js:38:6056\n    at yh (c:\\Users\\delfi\\.vscode\\extensions\\uqbar.wollok-lsp-ide-0.3.6\\out\\server\\src\\server.js:2291:42)\n    at c:\\Users\\delfi\\.vscode\\extensions\\uqbar.wollok-lsp-ide-0.3.6\\out\\server\\src\\server.js:2291:2700\n    at c:\\Users\\delfi\\.vscode\\extensions\\uqbar.wollok-lsp-ide-0.3.6\\out\\server\\src\\server.js:2298:3774\n    at c:\\Users\\delfi\\.vscode\\extensions\\uqbar.wollok-lsp-ide-0.3.6\\out\\server\\src\\server.js:37:74872\n    at Fe (c:\\Users\\delfi\\.vscode\\extensions\\uqbar.wollok-lsp-ide-0.3.6\\out\\server\\src\\server.js:7:8527)","timestamp":"2024-10-30T17:26:11.299Z"}
{"level":"error","message":"✘ Completions for node failed: Error: [If]{2d335a} at Practica/pokemonDelfi.wlk:12 exhausted all cases without a match [If]{2d335a} at Practica/pokemonDelfi.wlk:12 exhausted all cases without a match","stack":"Error: [If]{2d335a} at Practica/pokemonDelfi.wlk:12 exhausted all cases without a match\n    at c:\\Users\\delfi\\.vscode\\extensions\\uqbar.wollok-lsp-ide-0.3.6\\out\\server\\src\\server.js:38:6067\n    at yh (c:\\Users\\delfi\\.vscode\\extensions\\uqbar.wollok-lsp-ide-0.3.6\\out\\server\\src\\server.js:2291:42)\n    at kh (c:\\Users\\delfi\\.vscode\\extensions\\uqbar.wollok-lsp-ide-0.3.6\\out\\server\\src\\server.js:2291:1004)\n    at z5n (c:\\Users\\delfi\\.vscode\\extensions\\uqbar.wollok-lsp-ide-0.3.6\\out\\server\\src\\server.js:2291:730)\n    at c:\\Users\\delfi\\.vscode\\extensions\\uqbar.wollok-lsp-ide-0.3.6\\out\\server\\src\\server.js:38:6056\n    at yh (c:\\Users\\delfi\\.vscode\\extensions\\uqbar.wollok-lsp-ide-0.3.6\\out\\server\\src\\server.js:2291:42)\n    at kh (c:\\Users\\delfi\\.vscode\\extensions\\uqbar.wollok-lsp-ide-0.3.6\\out\\server\\src\\server.js:2291:1004)\n    at yh (c:\\Users\\delfi\\.vscode\\extensions\\uqbar.wollok-lsp-ide-0.3.6\\out\\server\\src\\server.js:2291:456)\n    at kh (c:\\Users\\delfi\\.vscode\\extensions\\uqbar.wollok-lsp-ide-0.3.6\\out\\server\\src\\server.js:2291:1004)\n    at Y5n (c:\\Users\\delfi\\.vscode\\extensions\\uqbar.wollok-lsp-ide-0.3.6\\out\\server\\src\\server.js:2291:1160)","timestamp":"2024-10-30T17:26:11.300Z"}
{"level":"info","message":"⌛ Building environment","timeElapsed":151,"timestamp":"2024-10-30T17:26:11.454Z"}
{"level":"info","message":"⌛ Validating Practica/pokemonDelfi.wlk","timeElapsed":184,"timestamp":"2024-10-30T17:26:11.639Z"}
{"level":"info","message":"onRequest - completionItem/resolve","timestamp":"2024-10-30T17:26:11.639Z"}
{"level":"info","message":"⌛ Building environment","timeElapsed":132,"timestamp":"2024-10-30T17:26:11.772Z"}
{"level":"info","message":"onRequest - completionItem/resolve","timestamp":"2024-10-30T17:26:11.808Z"}
{"level":"info","message":"⌛ Validating Practica/pokemonDelfi.wlk","timeElapsed":178,"timestamp":"2024-10-30T17:26:11.987Z"}
{"level":"info","message":"⌛ Building environment","timeElapsed":124,"timestamp":"2024-10-30T17:26:12.112Z"}
{"level":"info","message":"onRequest - completionItem/resolve","timestamp":"2024-10-30T17:26:12.114Z"}
{"level":"info","message":"⌛ Building environment","timeElapsed":102,"timestamp":"2024-10-30T17:26:12.217Z"}
{"level":"info","message":"onRequest - completionItem/resolve","timestamp":"2024-10-30T17:26:12.218Z"}
{"level":"info","message":"⌛ Building environment","timeElapsed":117,"timestamp":"2024-10-30T17:26:12.335Z"}
{"level":"info","message":"onRequest - completionItem/resolve","timestamp":"2024-10-30T17:26:12.336Z"}
{"level":"info","message":"⌛ Validating Practica/pokemonDelfi.wlk","timeElapsed":207,"timestamp":"2024-10-30T17:26:12.543Z"}
{"level":"info","message":"⌛ Building environment","timeElapsed":185,"timestamp":"2024-10-30T17:26:12.728Z"}
{"level":"info","message":"onRequest - completionItem/resolve","timestamp":"2024-10-30T17:26:12.728Z"}
{"level":"info","message":"⌛ Validating Practica/pokemonDelfi.wlk","timeElapsed":176,"timestamp":"2024-10-30T17:26:12.905Z"}
{"level":"info","message":"⌛ Validating Practica/pokemonDelfi.wlk","timeElapsed":156,"timestamp":"2024-10-30T17:26:13.069Z"}
{"level":"info","message":"⌛ Validating Practica/pokemonDelfi.wlk","timeElapsed":142,"timestamp":"2024-10-30T17:26:13.212Z"}
{"level":"info","message":"⌛ Validating Practica/pokemonDelfi.wlk","timeElapsed":190,"timestamp":"2024-10-30T17:26:13.403Z"}
{"level":"info","message":"⌛ Building environment","timeElapsed":127,"timestamp":"2024-10-30T17:26:15.880Z"}
{"level":"info","message":"⌛ Validating Practica/pokemonDelfi.wlk","timeElapsed":144,"timestamp":"2024-10-30T17:26:16.025Z"}
{"level":"info","message":"⌛ Building environment","timeElapsed":122,"timestamp":"2024-10-30T17:26:17.558Z"}
{"level":"error","message":"✘ Completions for node failed: Error: [Parameter]{75c971} at Practica/pokemonDelfi.wlk:11 exhausted all cases without a match [Parameter]{75c971} at Practica/pokemonDelfi.wlk:11 exhausted all cases without a match","stack":"Error: [Parameter]{75c971} at Practica/pokemonDelfi.wlk:11 exhausted all cases without a match\n    at c:\\Users\\delfi\\.vscode\\extensions\\uqbar.wollok-lsp-ide-0.3.6\\out\\server\\src\\server.js:38:6067\n    at yh (c:\\Users\\delfi\\.vscode\\extensions\\uqbar.wollok-lsp-ide-0.3.6\\out\\server\\src\\server.js:2291:42)\n    at c:\\Users\\delfi\\.vscode\\extensions\\uqbar.wollok-lsp-ide-0.3.6\\out\\server\\src\\server.js:2291:2700\n    at c:\\Users\\delfi\\.vscode\\extensions\\uqbar.wollok-lsp-ide-0.3.6\\out\\server\\src\\server.js:2298:3774\n    at c:\\Users\\delfi\\.vscode\\extensions\\uqbar.wollok-lsp-ide-0.3.6\\out\\server\\src\\server.js:37:74872\n    at Fe (c:\\Users\\delfi\\.vscode\\extensions\\uqbar.wollok-lsp-ide-0.3.6\\out\\server\\src\\server.js:7:8527)\n    at Pt (c:\\Users\\delfi\\.vscode\\extensions\\uqbar.wollok-lsp-ide-0.3.6\\out\\server\\src\\server.js:7:6189)\n    at Gi (c:\\Users\\delfi\\.vscode\\extensions\\uqbar.wollok-lsp-ide-0.3.6\\out\\server\\src\\server.js:7:6378)\n    at Immediate._onImmediate (c:\\Users\\delfi\\.vscode\\extensions\\uqbar.wollok-lsp-ide-0.3.6\\out\\server\\src\\server.js:7:6142)\n    at process.processImmediate (node:internal/timers:483:21)","timestamp":"2024-10-30T17:26:17.585Z"}
{"level":"info","message":"⌛ Validating Practica/pokemonDelfi.wlk","timeElapsed":229,"timestamp":"2024-10-30T17:26:17.917Z"}
{"level":"info","message":"onRequest - completionItem/resolve","timestamp":"2024-10-30T17:26:17.918Z"}
{"level":"info","message":"⌛ Validating Practica/pokemonDelfi.wlk","timeElapsed":166,"timestamp":"2024-10-30T17:26:18.084Z"}
{"level":"info","message":"⌛ Building environment","timeElapsed":109,"timestamp":"2024-10-30T17:26:18.199Z"}
{"level":"error","message":"✘ Completions for node failed: Error: [Parameter]{aa8d08} at Practica/pokemonDelfi.wlk:11 exhausted all cases without a match [Parameter]{aa8d08} at Practica/pokemonDelfi.wlk:11 exhausted all cases without a match","stack":"Error: [Parameter]{aa8d08} at Practica/pokemonDelfi.wlk:11 exhausted all cases without a match\n    at c:\\Users\\delfi\\.vscode\\extensions\\uqbar.wollok-lsp-ide-0.3.6\\out\\server\\src\\server.js:38:6067\n    at yh (c:\\Users\\delfi\\.vscode\\extensions\\uqbar.wollok-lsp-ide-0.3.6\\out\\server\\src\\server.js:2291:42)\n    at c:\\Users\\delfi\\.vscode\\extensions\\uqbar.wollok-lsp-ide-0.3.6\\out\\server\\src\\server.js:2291:2700\n    at c:\\Users\\delfi\\.vscode\\extensions\\uqbar.wollok-lsp-ide-0.3.6\\out\\server\\src\\server.js:2298:3774\n    at c:\\Users\\delfi\\.vscode\\extensions\\uqbar.wollok-lsp-ide-0.3.6\\out\\server\\src\\server.js:37:74872\n    at Fe (c:\\Users\\delfi\\.vscode\\extensions\\uqbar.wollok-lsp-ide-0.3.6\\out\\server\\src\\server.js:7:8527)\n    at Pt (c:\\Users\\delfi\\.vscode\\extensions\\uqbar.wollok-lsp-ide-0.3.6\\out\\server\\src\\server.js:7:6189)\n    at Gi (c:\\Users\\delfi\\.vscode\\extensions\\uqbar.wollok-lsp-ide-0.3.6\\out\\server\\src\\server.js:7:6378)\n    at Immediate._onImmediate (c:\\Users\\delfi\\.vscode\\extensions\\uqbar.wollok-lsp-ide-0.3.6\\out\\server\\src\\server.js:7:6142)\n    at process.processImmediate (node:internal/timers:483:21)","timestamp":"2024-10-30T17:26:18.221Z"}
{"level":"info","message":"⌛ Building environment","timeElapsed":121,"timestamp":"2024-10-30T17:26:18.344Z"}
{"level":"info","message":"⌛ Building environment","timeElapsed":113,"timestamp":"2024-10-30T17:26:18.458Z"}
{"level":"info","message":"⌛ Validating Practica/pokemonDelfi.wlk","timeElapsed":136,"timestamp":"2024-10-30T17:26:18.691Z"}
{"level":"info","message":"⌛ Building environment","timeElapsed":111,"timestamp":"2024-10-30T17:26:18.803Z"}
{"level":"error","message":"✘ Completions for node failed: Error: [Parameter]{4b174e} at Practica/pokemonDelfi.wlk:11 exhausted all cases without a match [Parameter]{4b174e} at Practica/pokemonDelfi.wlk:11 exhausted all cases without a match","stack":"Error: [Parameter]{4b174e} at Practica/pokemonDelfi.wlk:11 exhausted all cases without a match\n    at c:\\Users\\delfi\\.vscode\\extensions\\uqbar.wollok-lsp-ide-0.3.6\\out\\server\\src\\server.js:38:6067\n    at yh (c:\\Users\\delfi\\.vscode\\extensions\\uqbar.wollok-lsp-ide-0.3.6\\out\\server\\src\\server.js:2291:42)\n    at c:\\Users\\delfi\\.vscode\\extensions\\uqbar.wollok-lsp-ide-0.3.6\\out\\server\\src\\server.js:2291:2700\n    at c:\\Users\\delfi\\.vscode\\extensions\\uqbar.wollok-lsp-ide-0.3.6\\out\\server\\src\\server.js:2298:3774\n    at c:\\Users\\delfi\\.vscode\\extensions\\uqbar.wollok-lsp-ide-0.3.6\\out\\server\\src\\server.js:37:74872\n    at Fe (c:\\Users\\delfi\\.vscode\\extensions\\uqbar.wollok-lsp-ide-0.3.6\\out\\server\\src\\server.js:7:8527)\n    at Pt (c:\\Users\\delfi\\.vscode\\extensions\\uqbar.wollok-lsp-ide-0.3.6\\out\\server\\src\\server.js:7:6189)\n    at Gi (c:\\Users\\delfi\\.vscode\\extensions\\uqbar.wollok-lsp-ide-0.3.6\\out\\server\\src\\server.js:7:6378)\n    at Immediate._onImmediate (c:\\Users\\delfi\\.vscode\\extensions\\uqbar.wollok-lsp-ide-0.3.6\\out\\server\\src\\server.js:7:6142)\n    at process.processImmediate (node:internal/timers:483:21)","timestamp":"2024-10-30T17:26:18.831Z"}
{"level":"info","message":"⌛ Validating Practica/pokemonDelfi.wlk","timeElapsed":145,"timestamp":"2024-10-30T17:26:18.980Z"}
{"level":"info","message":"⌛ Validating Practica/pokemonDelfi.wlk","timeElapsed":158,"timestamp":"2024-10-30T17:26:19.139Z"}
{"level":"info","message":"⌛ Validating Practica/pokemonDelfi.wlk","timeElapsed":275,"timestamp":"2024-10-30T17:26:19.415Z"}
{"level":"info","message":"⌛ Validating Practica/pokemonDelfi.wlk","timeElapsed":178,"timestamp":"2024-10-30T17:26:19.593Z"}
{"level":"info","message":"onRequest - completionItem/resolve","timestamp":"2024-10-30T17:26:19.594Z"}
{"level":"info","message":"⌛ Validating Practica/pokemonDelfi.wlk","timeElapsed":120,"timestamp":"2024-10-30T17:26:35.965Z"}
{"level":"info","message":"⌛ Building environment","timeElapsed":132,"timestamp":"2024-10-30T17:26:54.206Z"}
{"level":"info","message":"⌛ Validating Practica/pokemonDelfi.wlk","timeElapsed":209,"timestamp":"2024-10-30T17:26:54.417Z"}
{"level":"info","message":"⌛ Building environment","timeElapsed":126,"timestamp":"2024-10-30T17:27:01.078Z"}
{"level":"info","message":"⌛ Validating Practica/pokemonDelfi.wlk","timeElapsed":122,"timestamp":"2024-10-30T17:27:01.226Z"}
{"level":"info","message":"⌛ Building environment","timeElapsed":103,"timestamp":"2024-10-30T17:27:03.135Z"}
{"level":"info","message":"⌛ Validating Practica/pokemonDelfi.wlk","timeElapsed":155,"timestamp":"2024-10-30T17:27:03.342Z"}
{"level":"info","message":"⌛ Building environment","timeElapsed":127,"timestamp":"2024-10-30T17:27:03.470Z"}
{"level":"info","message":"⌛ Validating Practica/pokemonDelfi.wlk","timeElapsed":143,"timestamp":"2024-10-30T17:27:03.652Z"}
{"level":"info","message":"⌛ Building environment","timeElapsed":174,"timestamp":"2024-10-30T17:27:03.828Z"}
{"level":"info","message":"⌛ Building environment","timeElapsed":162,"timestamp":"2024-10-30T17:27:03.991Z"}
{"level":"info","message":"⌛ Validating Practica/pokemonDelfi.wlk","timeElapsed":205,"timestamp":"2024-10-30T17:27:04.224Z"}
{"level":"info","message":"⌛ Validating Practica/pokemonDelfi.wlk","timeElapsed":184,"timestamp":"2024-10-30T17:27:04.409Z"}
{"level":"info","message":"⌛ Building environment","timeElapsed":115,"timestamp":"2024-10-30T17:27:04.526Z"}
{"level":"info","message":"⌛ Validating Practica/pokemonDelfi.wlk","timeElapsed":166,"timestamp":"2024-10-30T17:27:04.765Z"}
{"level":"info","message":"⌛ Building environment","timeElapsed":113,"timestamp":"2024-10-30T17:27:05.379Z"}
{"level":"info","message":"⌛ Validating Practica/pokemonDelfi.wlk","timeElapsed":145,"timestamp":"2024-10-30T17:27:05.525Z"}
{"level":"info","message":"⌛ Building environment","timeElapsed":129,"timestamp":"2024-10-30T17:27:10.380Z"}
{"level":"info","message":"⌛ Building environment","timeElapsed":131,"timestamp":"2024-10-30T17:27:10.570Z"}
{"level":"info","message":"⌛ Validating Practica/pokemonDelfi.wlk","timeElapsed":177,"timestamp":"2024-10-30T17:27:10.748Z"}
{"level":"info","message":"onRequest - completionItem/resolve","timestamp":"2024-10-30T17:27:10.748Z"}
{"level":"info","message":"⌛ Building environment","timeElapsed":158,"timestamp":"2024-10-30T17:27:10.907Z"}
{"level":"info","message":"onRequest - completionItem/resolve","timestamp":"2024-10-30T17:27:10.907Z"}
{"level":"info","message":"⌛ Validating Practica/pokemonDelfi.wlk","timeElapsed":165,"timestamp":"2024-10-30T17:27:11.072Z"}
{"level":"info","message":"⌛ Building environment","timeElapsed":169,"timestamp":"2024-10-30T17:27:11.241Z"}
{"level":"info","message":"onRequest - completionItem/resolve","timestamp":"2024-10-30T17:27:11.241Z"}
{"level":"info","message":"⌛ Building environment","timeElapsed":118,"timestamp":"2024-10-30T17:27:11.360Z"}
{"level":"info","message":"onRequest - completionItem/resolve","timestamp":"2024-10-30T17:27:11.361Z"}
{"level":"info","message":"⌛ Validating Practica/pokemonDelfi.wlk","timeElapsed":198,"timestamp":"2024-10-30T17:27:11.559Z"}
{"level":"info","message":"onRequest - completionItem/resolve","timestamp":"2024-10-30T17:27:11.564Z"}
{"level":"info","message":"⌛ Building environment","timeElapsed":135,"timestamp":"2024-10-30T17:27:11.699Z"}
{"level":"info","message":"⌛ Validating Practica/pokemonDelfi.wlk","timeElapsed":244,"timestamp":"2024-10-30T17:27:11.947Z"}
{"level":"info","message":"⌛ Validating Practica/pokemonDelfi.wlk","timeElapsed":142,"timestamp":"2024-10-30T17:27:12.090Z"}
{"level":"info","message":"⌛ Validating Practica/pokemonDelfi.wlk","timeElapsed":155,"timestamp":"2024-10-30T17:27:12.249Z"}
{"level":"info","message":"⌛ Building environment","timeElapsed":135,"timestamp":"2024-10-30T17:27:13.369Z"}
{"level":"info","message":"⌛ Building environment","timeElapsed":123,"timestamp":"2024-10-30T17:27:13.525Z"}
{"level":"info","message":"⌛ Validating Practica/pokemonDelfi.wlk","timeElapsed":174,"timestamp":"2024-10-30T17:27:13.702Z"}
{"level":"info","message":"⌛ Validating Practica/pokemonDelfi.wlk","timeElapsed":173,"timestamp":"2024-10-30T17:27:13.875Z"}
{"level":"info","message":"⌛ Building environment","timeElapsed":101,"timestamp":"2024-10-30T17:27:13.982Z"}
{"level":"info","message":"⌛ Building environment","timeElapsed":102,"timestamp":"2024-10-30T17:27:14.117Z"}
{"level":"info","message":"⌛ Building environment","timeElapsed":135,"timestamp":"2024-10-30T17:27:14.252Z"}
{"level":"info","message":"⌛ Building environment","timeElapsed":102,"timestamp":"2024-10-30T17:27:14.356Z"}
{"level":"info","message":"⌛ Validating Practica/pokemonDelfi.wlk","timeElapsed":275,"timestamp":"2024-10-30T17:27:14.632Z"}
{"level":"info","message":"⌛ Validating Practica/pokemonDelfi.wlk","timeElapsed":180,"timestamp":"2024-10-30T17:27:14.812Z"}
{"level":"info","message":"⌛ Validating Practica/pokemonDelfi.wlk","timeElapsed":164,"timestamp":"2024-10-30T17:27:14.982Z"}
{"level":"info","message":"⌛ Validating Practica/pokemonDelfi.wlk","timeElapsed":166,"timestamp":"2024-10-30T17:27:15.149Z"}
{"level":"info","message":"⌛ Building environment","timeElapsed":126,"timestamp":"2024-10-30T17:27:19.044Z"}
{"level":"info","message":"⌛ Validating Practica/pokemonDelfi.wlk","timeElapsed":122,"timestamp":"2024-10-30T17:27:19.167Z"}
{"level":"info","message":"⌛ Building environment","timeElapsed":116,"timestamp":"2024-10-30T17:27:22.807Z"}
{"level":"info","message":"⌛ Validating Practica/pokemonDelfi.wlk","timeElapsed":141,"timestamp":"2024-10-30T17:27:22.949Z"}
