{"level":"info","message":"⌛ Validating Practica/escaPdp.wlk","timeElapsed":124,"timestamp":"2024-10-29T19:28:33.103Z"}
{"level":"info","message":"⌛ Validating Practica/escaPdp.wlk","timeElapsed":149,"timestamp":"2024-10-29T19:28:33.337Z"}
{"level":"info","message":"⌛ Validating Practica/escaPdp.wlk","timeElapsed":128,"timestamp":"2024-10-29T19:28:33.470Z"}
{"level":"info","message":"⌛ Validating Practica/escaPdp.wlk","timeElapsed":121,"timestamp":"2024-10-29T19:28:33.925Z"}
{"level":"info","message":"⌛ Building environment","timeElapsed":120,"timestamp":"2024-10-29T19:28:35.887Z"}
{"level":"info","message":"⌛ Validating Practica/escaPdp.wlk","timeElapsed":200,"timestamp":"2024-10-29T19:28:36.106Z"}
{"level":"info","message":"onRequest - completionItem/resolve","timestamp":"2024-10-29T19:28:36.106Z"}
{"level":"info","message":"⌛ Building environment","timeElapsed":137,"timestamp":"2024-10-29T19:28:36.748Z"}
{"level":"info","message":"⌛ Validating Practica/escaPdp.wlk","timeElapsed":139,"timestamp":"2024-10-29T19:28:36.888Z"}
{"level":"info","message":"⌛ Building environment","timeElapsed":111,"timestamp":"2024-10-29T19:28:37.118Z"}
{"level":"info","message":"⌛ Building environment","timeElapsed":118,"timestamp":"2024-10-29T19:28:37.285Z"}
{"level":"info","message":"⌛ Validating Practica/escaPdp.wlk","timeElapsed":151,"timestamp":"2024-10-29T19:28:37.436Z"}
{"level":"info","message":"onRequest - completionItem/resolve","timestamp":"2024-10-29T19:28:37.436Z"}
{"level":"info","message":"onRequest - completionItem/resolve","timestamp":"2024-10-29T19:28:37.528Z"}
{"level":"info","message":"⌛ Validating Practica/escaPdp.wlk","timeElapsed":166,"timestamp":"2024-10-29T19:28:37.694Z"}
{"level":"info","message":"⌛ Building environment","timeElapsed":133,"timestamp":"2024-10-29T19:28:37.827Z"}
{"level":"info","message":"onRequest - completionItem/resolve","timestamp":"2024-10-29T19:28:37.827Z"}
{"level":"info","message":"⌛ Building environment","timeElapsed":133,"timestamp":"2024-10-29T19:28:37.962Z"}
{"level":"info","message":"onRequest - completionItem/resolve","timestamp":"2024-10-29T19:28:37.964Z"}
{"level":"info","message":"⌛ Validating Practica/escaPdp.wlk","timeElapsed":141,"timestamp":"2024-10-29T19:28:38.105Z"}
{"level":"info","message":"onRequest - completionItem/resolve","timestamp":"2024-10-29T19:28:38.196Z"}
{"level":"info","message":"⌛ Validating Practica/escaPdp.wlk","timeElapsed":132,"timestamp":"2024-10-29T19:28:38.328Z"}
{"level":"info","message":"⌛ Validating Practica/escaPdp.wlk","timeElapsed":139,"timestamp":"2024-10-29T19:28:38.467Z"}
{"level":"info","message":"⌛ Validating Practica/escaPdp.wlk","timeElapsed":134,"timestamp":"2024-10-29T19:28:38.606Z"}
{"level":"info","message":"onRequest - completionItem/resolve","timestamp":"2024-10-29T19:28:39.403Z"}
{"level":"info","message":"⌛ Validating Practica/escaPdp.wlk","timeElapsed":141,"timestamp":"2024-10-29T19:28:39.545Z"}
{"level":"error","message":"✘ Completions for node failed: Error: Practica.escaPdp.Grupo.in [Field]{772a01} at Practica/escaPdp.wlk:71 exhausted all cases without a match Practica.escaPdp.Grupo.in [Field]{772a01} at Practica/escaPdp.wlk:71 exhausted all cases without a match","stack":"Error: Practica.escaPdp.Grupo.in [Field]{772a01} at Practica/escaPdp.wlk:71 exhausted all cases without a match\n    at c:\\Users\\delfi\\.vscode\\extensions\\uqbar.wollok-lsp-ide-0.3.6\\out\\server\\src\\server.js:38:6067\n    at yh (c:\\Users\\delfi\\.vscode\\extensions\\uqbar.wollok-lsp-ide-0.3.6\\out\\server\\src\\server.js:2291:42)\n    at c:\\Users\\delfi\\.vscode\\extensions\\uqbar.wollok-lsp-ide-0.3.6\\out\\server\\src\\server.js:2291:2700\n    at c:\\Users\\delfi\\.vscode\\extensions\\uqbar.wollok-lsp-ide-0.3.6\\out\\server\\src\\server.js:2298:3774\n    at c:\\Users\\delfi\\.vscode\\extensions\\uqbar.wollok-lsp-ide-0.3.6\\out\\server\\src\\server.js:37:74872\n    at Fe (c:\\Users\\delfi\\.vscode\\extensions\\uqbar.wollok-lsp-ide-0.3.6\\out\\server\\src\\server.js:7:8527)\n    at Pt (c:\\Users\\delfi\\.vscode\\extensions\\uqbar.wollok-lsp-ide-0.3.6\\out\\server\\src\\server.js:7:6189)\n    at Gi (c:\\Users\\delfi\\.vscode\\extensions\\uqbar.wollok-lsp-ide-0.3.6\\out\\server\\src\\server.js:7:6378)\n    at Immediate._onImmediate (c:\\Users\\delfi\\.vscode\\extensions\\uqbar.wollok-lsp-ide-0.3.6\\out\\server\\src\\server.js:7:6142)\n    at process.processImmediate (node:internal/timers:483:21)","timestamp":"2024-10-29T19:28:39.667Z"}
{"level":"info","message":"⌛ Validating Practica/escaPdp.wlk","timeElapsed":132,"timestamp":"2024-10-29T19:28:39.886Z"}
{"level":"info","message":"⌛ Validating Practica/escaPdp.wlk","timeElapsed":137,"timestamp":"2024-10-29T19:28:40.111Z"}
{"level":"error","message":"✘ Completions for node failed: Error: Practica.escaPdp.Grupo.integ [Field]{23b915} at Practica/escaPdp.wlk:71 exhausted all cases without a match Practica.escaPdp.Grupo.integ [Field]{23b915} at Practica/escaPdp.wlk:71 exhausted all cases without a match","stack":"Error: Practica.escaPdp.Grupo.integ [Field]{23b915} at Practica/escaPdp.wlk:71 exhausted all cases without a match\n    at c:\\Users\\delfi\\.vscode\\extensions\\uqbar.wollok-lsp-ide-0.3.6\\out\\server\\src\\server.js:38:6067\n    at yh (c:\\Users\\delfi\\.vscode\\extensions\\uqbar.wollok-lsp-ide-0.3.6\\out\\server\\src\\server.js:2291:42)\n    at c:\\Users\\delfi\\.vscode\\extensions\\uqbar.wollok-lsp-ide-0.3.6\\out\\server\\src\\server.js:2291:2700\n    at c:\\Users\\delfi\\.vscode\\extensions\\uqbar.wollok-lsp-ide-0.3.6\\out\\server\\src\\server.js:2298:3774\n    at c:\\Users\\delfi\\.vscode\\extensions\\uqbar.wollok-lsp-ide-0.3.6\\out\\server\\src\\server.js:37:74872\n    at Fe (c:\\Users\\delfi\\.vscode\\extensions\\uqbar.wollok-lsp-ide-0.3.6\\out\\server\\src\\server.js:7:8527)\n    at Pt (c:\\Users\\delfi\\.vscode\\extensions\\uqbar.wollok-lsp-ide-0.3.6\\out\\server\\src\\server.js:7:6189)\n    at Gi (c:\\Users\\delfi\\.vscode\\extensions\\uqbar.wollok-lsp-ide-0.3.6\\out\\server\\src\\server.js:7:6378)\n    at Immediate._onImmediate (c:\\Users\\delfi\\.vscode\\extensions\\uqbar.wollok-lsp-ide-0.3.6\\out\\server\\src\\server.js:7:6142)\n    at process.processImmediate (node:internal/timers:483:21)","timestamp":"2024-10-29T19:28:40.220Z"}
{"level":"info","message":"⌛ Validating Practica/escaPdp.wlk","timeElapsed":147,"timestamp":"2024-10-29T19:28:40.367Z"}
{"level":"info","message":"⌛ Building environment","timeElapsed":160,"timestamp":"2024-10-29T19:28:40.527Z"}
{"level":"info","message":"⌛ Validating Practica/escaPdp.wlk","timeElapsed":141,"timestamp":"2024-10-29T19:28:40.669Z"}
{"level":"info","message":"⌛ Building environment","timeElapsed":148,"timestamp":"2024-10-29T19:28:40.870Z"}
{"level":"info","message":"⌛ Validating Practica/escaPdp.wlk","timeElapsed":176,"timestamp":"2024-10-29T19:28:41.052Z"}
{"level":"info","message":"⌛ Building environment","timeElapsed":179,"timestamp":"2024-10-29T19:28:41.232Z"}
{"level":"info","message":"⌛ Validating Practica/escaPdp.wlk","timeElapsed":236,"timestamp":"2024-10-29T19:28:41.468Z"}
{"level":"info","message":"⌛ Building environment","timeElapsed":118,"timestamp":"2024-10-29T19:28:41.586Z"}
{"level":"info","message":"⌛ Building environment","timeElapsed":109,"timestamp":"2024-10-29T19:28:41.695Z"}
{"level":"info","message":"⌛ Validating Practica/escaPdp.wlk","timeElapsed":186,"timestamp":"2024-10-29T19:28:41.882Z"}
{"level":"info","message":"⌛ Building environment","timeElapsed":198,"timestamp":"2024-10-29T19:28:42.081Z"}
{"level":"info","message":"⌛ Building environment","timeElapsed":123,"timestamp":"2024-10-29T19:28:42.206Z"}
{"level":"info","message":"⌛ Building environment","timeElapsed":107,"timestamp":"2024-10-29T19:28:42.313Z"}
{"level":"error","message":"✘ Completions for node failed: Error: Practica.escaPdp.Grupo.e [Field]{e373e0} at Practica/escaPdp.wlk:71 exhausted all cases without a match Practica.escaPdp.Grupo.e [Field]{e373e0} at Practica/escaPdp.wlk:71 exhausted all cases without a match","stack":"Error: Practica.escaPdp.Grupo.e [Field]{e373e0} at Practica/escaPdp.wlk:71 exhausted all cases without a match\n    at c:\\Users\\delfi\\.vscode\\extensions\\uqbar.wollok-lsp-ide-0.3.6\\out\\server\\src\\server.js:38:6067\n    at yh (c:\\Users\\delfi\\.vscode\\extensions\\uqbar.wollok-lsp-ide-0.3.6\\out\\server\\src\\server.js:2291:42)\n    at c:\\Users\\delfi\\.vscode\\extensions\\uqbar.wollok-lsp-ide-0.3.6\\out\\server\\src\\server.js:2291:2700\n    at c:\\Users\\delfi\\.vscode\\extensions\\uqbar.wollok-lsp-ide-0.3.6\\out\\server\\src\\server.js:2298:3774\n    at c:\\Users\\delfi\\.vscode\\extensions\\uqbar.wollok-lsp-ide-0.3.6\\out\\server\\src\\server.js:37:74872\n    at Fe (c:\\Users\\delfi\\.vscode\\extensions\\uqbar.wollok-lsp-ide-0.3.6\\out\\server\\src\\server.js:7:8527)\n    at Pt (c:\\Users\\delfi\\.vscode\\extensions\\uqbar.wollok-lsp-ide-0.3.6\\out\\server\\src\\server.js:7:6189)\n    at Gi (c:\\Users\\delfi\\.vscode\\extensions\\uqbar.wollok-lsp-ide-0.3.6\\out\\server\\src\\server.js:7:6378)\n    at Immediate._onImmediate (c:\\Users\\delfi\\.vscode\\extensions\\uqbar.wollok-lsp-ide-0.3.6\\out\\server\\src\\server.js:7:6142)\n    at process.processImmediate (node:internal/timers:483:21)","timestamp":"2024-10-29T19:28:42.343Z"}
{"level":"info","message":"⌛ Validating Practica/escaPdp.wlk","timeElapsed":164,"timestamp":"2024-10-29T19:28:42.507Z"}
{"level":"info","message":"⌛ Validating Practica/escaPdp.wlk","timeElapsed":166,"timestamp":"2024-10-29T19:28:42.673Z"}
{"level":"info","message":"⌛ Building environment","timeElapsed":121,"timestamp":"2024-10-29T19:28:42.795Z"}
{"level":"info","message":"⌛ Building environment","timeElapsed":149,"timestamp":"2024-10-29T19:28:42.945Z"}
{"level":"info","message":"⌛ Building environment","timeElapsed":141,"timestamp":"2024-10-29T19:28:43.088Z"}
{"level":"info","message":"⌛ Building environment","timeElapsed":115,"timestamp":"2024-10-29T19:28:43.206Z"}
{"level":"info","message":"⌛ Validating Practica/escaPdp.wlk","timeElapsed":163,"timestamp":"2024-10-29T19:28:43.370Z"}
{"level":"info","message":"⌛ Validating Practica/escaPdp.wlk","timeElapsed":162,"timestamp":"2024-10-29T19:28:43.532Z"}
{"level":"info","message":"⌛ Validating Practica/escaPdp.wlk","timeElapsed":165,"timestamp":"2024-10-29T19:28:43.704Z"}
{"level":"info","message":"⌛ Building environment","timeElapsed":181,"timestamp":"2024-10-29T19:28:43.885Z"}
{"level":"error","message":"✘ Completions for node failed: Error: Practica.escaPdp.Grupo.escapi [Field]{c06d6b} at Practica/escaPdp.wlk:71 exhausted all cases without a match Practica.escaPdp.Grupo.escapi [Field]{c06d6b} at Practica/escaPdp.wlk:71 exhausted all cases without a match","stack":"Error: Practica.escaPdp.Grupo.escapi [Field]{c06d6b} at Practica/escaPdp.wlk:71 exhausted all cases without a match\n    at c:\\Users\\delfi\\.vscode\\extensions\\uqbar.wollok-lsp-ide-0.3.6\\out\\server\\src\\server.js:38:6067\n    at yh (c:\\Users\\delfi\\.vscode\\extensions\\uqbar.wollok-lsp-ide-0.3.6\\out\\server\\src\\server.js:2291:42)\n    at c:\\Users\\delfi\\.vscode\\extensions\\uqbar.wollok-lsp-ide-0.3.6\\out\\server\\src\\server.js:2291:2700\n    at c:\\Users\\delfi\\.vscode\\extensions\\uqbar.wollok-lsp-ide-0.3.6\\out\\server\\src\\server.js:2298:3774\n    at c:\\Users\\delfi\\.vscode\\extensions\\uqbar.wollok-lsp-ide-0.3.6\\out\\server\\src\\server.js:37:74872\n    at Fe (c:\\Users\\delfi\\.vscode\\extensions\\uqbar.wollok-lsp-ide-0.3.6\\out\\server\\src\\server.js:7:8527)\n    at Pt (c:\\Users\\delfi\\.vscode\\extensions\\uqbar.wollok-lsp-ide-0.3.6\\out\\server\\src\\server.js:7:6189)\n    at Gi (c:\\Users\\delfi\\.vscode\\extensions\\uqbar.wollok-lsp-ide-0.3.6\\out\\server\\src\\server.js:7:6378)\n    at Immediate._onImmediate (c:\\Users\\delfi\\.vscode\\extensions\\uqbar.wollok-lsp-ide-0.3.6\\out\\server\\src\\server.js:7:6142)\n    at process.processImmediate (node:internal/timers:483:21)","timestamp":"2024-10-29T19:28:43.917Z"}
{"level":"info","message":"⌛ Building environment","timeElapsed":124,"timestamp":"2024-10-29T19:28:44.044Z"}
{"level":"info","message":"⌛ Building environment","timeElapsed":143,"timestamp":"2024-10-29T19:28:44.188Z"}
{"level":"info","message":"⌛ Validating Practica/escaPdp.wlk","timeElapsed":245,"timestamp":"2024-10-29T19:28:44.434Z"}
{"level":"info","message":"⌛ Building environment","timeElapsed":153,"timestamp":"2024-10-29T19:28:44.588Z"}
{"level":"info","message":"⌛ Validating Practica/escaPdp.wlk","timeElapsed":159,"timestamp":"2024-10-29T19:28:44.747Z"}
{"level":"info","message":"⌛ Building environment","timeElapsed":115,"timestamp":"2024-10-29T19:28:44.863Z"}
{"level":"info","message":"⌛ Validating Practica/escaPdp.wlk","timeElapsed":167,"timestamp":"2024-10-29T19:28:45.031Z"}
{"level":"info","message":"⌛ Validating Practica/escaPdp.wlk","timeElapsed":161,"timestamp":"2024-10-29T19:28:45.193Z"}
{"level":"info","message":"⌛ Validating Practica/escaPdp.wlk","timeElapsed":174,"timestamp":"2024-10-29T19:28:45.374Z"}
{"level":"info","message":"⌛ Validating Practica/escaPdp.wlk","timeElapsed":150,"timestamp":"2024-10-29T19:28:45.524Z"}
{"level":"info","message":"⌛ Validating Practica/escaPdp.wlk","timeElapsed":154,"timestamp":"2024-10-29T19:28:45.678Z"}
{"level":"info","message":"⌛ Validating Practica/escaPdp.wlk","timeElapsed":149,"timestamp":"2024-10-29T19:28:45.827Z"}
{"level":"info","message":"⌛ Validating Practica/escaPdp.wlk","timeElapsed":144,"timestamp":"2024-10-29T19:28:45.972Z"}
{"level":"info","message":"⌛ Building environment","timeElapsed":115,"timestamp":"2024-10-29T19:28:47.820Z"}
{"level":"info","message":"⌛ Validating Practica/escaPdp.wlk","timeElapsed":169,"timestamp":"2024-10-29T19:28:47.990Z"}
{"level":"info","message":"⌛ Building environment","timeElapsed":121,"timestamp":"2024-10-29T19:28:48.112Z"}
{"level":"info","message":"⌛ Validating Practica/escaPdp.wlk","timeElapsed":188,"timestamp":"2024-10-29T19:28:48.302Z"}
{"level":"info","message":"⌛ Validating Practica/escaPdp.wlk","timeElapsed":155,"timestamp":"2024-10-29T19:28:48.558Z"}
{"level":"error","message":"✘ Failed to rebuild document Failed to parse Practica/escaPdp.wlk: \n-- PARSING FAILED --------------------------------------------------\n\nGot the end of the input\n\nExpected one of the following: \n\n'@', 'const', 'method', 'override', 'var', '{', '}', any character/byte, comment, whitespace\n","stack":"Error: Failed to parse Practica/escaPdp.wlk: \n-- PARSING FAILED --------------------------------------------------\n\nGot the end of the input\n\nExpected one of the following: \n\n'@', 'const', 'method', 'override', 'var', '{', '}', any character/byte, comment, whitespace\n\n    at c:\\Users\\delfi\\.vscode\\extensions\\uqbar.wollok-lsp-ide-0.3.6\\out\\server\\src\\server.js:2254:32415\n    at Array.map (<anonymous>)\n    at Jfn (c:\\Users\\delfi\\.vscode\\extensions\\uqbar.wollok-lsp-ide-0.3.6\\out\\server\\src\\server.js:2254:32339)\n    at k2.buildEnvironmentFrom (c:\\Users\\delfi\\.vscode\\extensions\\uqbar.wollok-lsp-ide-0.3.6\\out\\server\\src\\server.js:2285:6721)\n    at k2.updateEnvironmentWith (c:\\Users\\delfi\\.vscode\\extensions\\uqbar.wollok-lsp-ide-0.3.6\\out\\server\\src\\server.js:2285:6456)\n    at jL (c:\\Users\\delfi\\.vscode\\extensions\\uqbar.wollok-lsp-ide-0.3.6\\out\\server\\src\\server.js:2298:2292)\n    at v3.invoke (c:\\Users\\delfi\\.vscode\\extensions\\uqbar.wollok-lsp-ide-0.3.6\\out\\server\\src\\server.js:3:157200)\n    at o.fire (c:\\Users\\delfi\\.vscode\\extensions\\uqbar.wollok-lsp-ide-0.3.6\\out\\server\\src\\server.js:3:157970)\n    at c:\\Users\\delfi\\.vscode\\extensions\\uqbar.wollok-lsp-ide-0.3.6\\out\\server\\src\\server.js:37:57871\n    at Vr (c:\\Users\\delfi\\.vscode\\extensions\\uqbar.wollok-lsp-ide-0.3.6\\out\\server\\src\\server.js:8:1561)","timestamp":"2024-10-29T19:28:48.672Z"}
{"level":"info","message":"⌛ Validating Practica/escaPdp.wlk","timeElapsed":149,"timestamp":"2024-10-29T19:28:48.821Z"}
{"level":"error","message":"✘ Failed to rebuild document Failed to parse Practica/escaPdp.wlk: \n-- PARSING FAILED --------------------------------------------------\n\nGot the end of the input\n\nExpected one of the following: \n\n'@', 'const', 'method', 'override', 'var', '{', '}', any character/byte, comment, whitespace\n","stack":"Error: Failed to parse Practica/escaPdp.wlk: \n-- PARSING FAILED --------------------------------------------------\n\nGot the end of the input\n\nExpected one of the following: \n\n'@', 'const', 'method', 'override', 'var', '{', '}', any character/byte, comment, whitespace\n\n    at c:\\Users\\delfi\\.vscode\\extensions\\uqbar.wollok-lsp-ide-0.3.6\\out\\server\\src\\server.js:2254:32415\n    at Array.map (<anonymous>)\n    at Jfn (c:\\Users\\delfi\\.vscode\\extensions\\uqbar.wollok-lsp-ide-0.3.6\\out\\server\\src\\server.js:2254:32339)\n    at k2.buildEnvironmentFrom (c:\\Users\\delfi\\.vscode\\extensions\\uqbar.wollok-lsp-ide-0.3.6\\out\\server\\src\\server.js:2285:6721)\n    at k2.updateEnvironmentWith (c:\\Users\\delfi\\.vscode\\extensions\\uqbar.wollok-lsp-ide-0.3.6\\out\\server\\src\\server.js:2285:6456)\n    at jL (c:\\Users\\delfi\\.vscode\\extensions\\uqbar.wollok-lsp-ide-0.3.6\\out\\server\\src\\server.js:2298:2292)\n    at v3.invoke (c:\\Users\\delfi\\.vscode\\extensions\\uqbar.wollok-lsp-ide-0.3.6\\out\\server\\src\\server.js:3:157200)\n    at o.fire (c:\\Users\\delfi\\.vscode\\extensions\\uqbar.wollok-lsp-ide-0.3.6\\out\\server\\src\\server.js:3:157970)\n    at c:\\Users\\delfi\\.vscode\\extensions\\uqbar.wollok-lsp-ide-0.3.6\\out\\server\\src\\server.js:37:57871\n    at Vr (c:\\Users\\delfi\\.vscode\\extensions\\uqbar.wollok-lsp-ide-0.3.6\\out\\server\\src\\server.js:8:1561)","timestamp":"2024-10-29T19:28:49.165Z"}
{"level":"error","message":"✘ Failed to rebuild document Failed to parse Practica/escaPdp.wlk: \n-- PARSING FAILED --------------------------------------------------\n\nGot the end of the input\n\nExpected one of the following: \n\n'@', 'const', 'method', 'override', 'var', '{', '}', any character/byte, comment, whitespace\n","stack":"Error: Failed to parse Practica/escaPdp.wlk: \n-- PARSING FAILED --------------------------------------------------\n\nGot the end of the input\n\nExpected one of the following: \n\n'@', 'const', 'method', 'override', 'var', '{', '}', any character/byte, comment, whitespace\n\n    at c:\\Users\\delfi\\.vscode\\extensions\\uqbar.wollok-lsp-ide-0.3.6\\out\\server\\src\\server.js:2254:32415\n    at Array.map (<anonymous>)\n    at Jfn (c:\\Users\\delfi\\.vscode\\extensions\\uqbar.wollok-lsp-ide-0.3.6\\out\\server\\src\\server.js:2254:32339)\n    at k2.buildEnvironmentFrom (c:\\Users\\delfi\\.vscode\\extensions\\uqbar.wollok-lsp-ide-0.3.6\\out\\server\\src\\server.js:2285:6721)\n    at k2.updateEnvironmentWith (c:\\Users\\delfi\\.vscode\\extensions\\uqbar.wollok-lsp-ide-0.3.6\\out\\server\\src\\server.js:2285:6456)\n    at jL (c:\\Users\\delfi\\.vscode\\extensions\\uqbar.wollok-lsp-ide-0.3.6\\out\\server\\src\\server.js:2298:2292)\n    at v3.invoke (c:\\Users\\delfi\\.vscode\\extensions\\uqbar.wollok-lsp-ide-0.3.6\\out\\server\\src\\server.js:3:157200)\n    at o.fire (c:\\Users\\delfi\\.vscode\\extensions\\uqbar.wollok-lsp-ide-0.3.6\\out\\server\\src\\server.js:3:157970)\n    at c:\\Users\\delfi\\.vscode\\extensions\\uqbar.wollok-lsp-ide-0.3.6\\out\\server\\src\\server.js:37:57871\n    at Vr (c:\\Users\\delfi\\.vscode\\extensions\\uqbar.wollok-lsp-ide-0.3.6\\out\\server\\src\\server.js:8:1561)","timestamp":"2024-10-29T19:28:49.364Z"}
{"level":"error","message":"✘ Failed to rebuild document Failed to parse Practica/escaPdp.wlk: \n-- PARSING FAILED --------------------------------------------------\n\nGot the end of the input\n\nExpected one of the following: \n\n'@', 'const', 'method', 'override', 'var', '{', '}', any character/byte, comment, whitespace\n","stack":"Error: Failed to parse Practica/escaPdp.wlk: \n-- PARSING FAILED --------------------------------------------------\n\nGot the end of the input\n\nExpected one of the following: \n\n'@', 'const', 'method', 'override', 'var', '{', '}', any character/byte, comment, whitespace\n\n    at c:\\Users\\delfi\\.vscode\\extensions\\uqbar.wollok-lsp-ide-0.3.6\\out\\server\\src\\server.js:2254:32415\n    at Array.map (<anonymous>)\n    at Jfn (c:\\Users\\delfi\\.vscode\\extensions\\uqbar.wollok-lsp-ide-0.3.6\\out\\server\\src\\server.js:2254:32339)\n    at k2.buildEnvironmentFrom (c:\\Users\\delfi\\.vscode\\extensions\\uqbar.wollok-lsp-ide-0.3.6\\out\\server\\src\\server.js:2285:6721)\n    at k2.updateEnvironmentWith (c:\\Users\\delfi\\.vscode\\extensions\\uqbar.wollok-lsp-ide-0.3.6\\out\\server\\src\\server.js:2285:6456)\n    at jL (c:\\Users\\delfi\\.vscode\\extensions\\uqbar.wollok-lsp-ide-0.3.6\\out\\server\\src\\server.js:2298:2292)\n    at v3.invoke (c:\\Users\\delfi\\.vscode\\extensions\\uqbar.wollok-lsp-ide-0.3.6\\out\\server\\src\\server.js:3:157200)\n    at o.fire (c:\\Users\\delfi\\.vscode\\extensions\\uqbar.wollok-lsp-ide-0.3.6\\out\\server\\src\\server.js:3:157970)\n    at c:\\Users\\delfi\\.vscode\\extensions\\uqbar.wollok-lsp-ide-0.3.6\\out\\server\\src\\server.js:37:57871\n    at Vr (c:\\Users\\delfi\\.vscode\\extensions\\uqbar.wollok-lsp-ide-0.3.6\\out\\server\\src\\server.js:8:1561)","timestamp":"2024-10-29T19:28:49.559Z"}
{"level":"error","message":"✘ Failed to rebuild document Failed to parse Practica/escaPdp.wlk: \n-- PARSING FAILED --------------------------------------------------\n\nGot the end of the input\n\nExpected one of the following: \n\n'@', 'const', 'method', 'override', 'var', '{', '}', any character/byte, comment, whitespace\n","stack":"Error: Failed to parse Practica/escaPdp.wlk: \n-- PARSING FAILED --------------------------------------------------\n\nGot the end of the input\n\nExpected one of the following: \n\n'@', 'const', 'method', 'override', 'var', '{', '}', any character/byte, comment, whitespace\n\n    at c:\\Users\\delfi\\.vscode\\extensions\\uqbar.wollok-lsp-ide-0.3.6\\out\\server\\src\\server.js:2254:32415\n    at Array.map (<anonymous>)\n    at Jfn (c:\\Users\\delfi\\.vscode\\extensions\\uqbar.wollok-lsp-ide-0.3.6\\out\\server\\src\\server.js:2254:32339)\n    at k2.buildEnvironmentFrom (c:\\Users\\delfi\\.vscode\\extensions\\uqbar.wollok-lsp-ide-0.3.6\\out\\server\\src\\server.js:2285:6721)\n    at k2.updateEnvironmentWith (c:\\Users\\delfi\\.vscode\\extensions\\uqbar.wollok-lsp-ide-0.3.6\\out\\server\\src\\server.js:2285:6456)\n    at jL (c:\\Users\\delfi\\.vscode\\extensions\\uqbar.wollok-lsp-ide-0.3.6\\out\\server\\src\\server.js:2298:2292)\n    at v3.invoke (c:\\Users\\delfi\\.vscode\\extensions\\uqbar.wollok-lsp-ide-0.3.6\\out\\server\\src\\server.js:3:157200)\n    at o.fire (c:\\Users\\delfi\\.vscode\\extensions\\uqbar.wollok-lsp-ide-0.3.6\\out\\server\\src\\server.js:3:157970)\n    at c:\\Users\\delfi\\.vscode\\extensions\\uqbar.wollok-lsp-ide-0.3.6\\out\\server\\src\\server.js:37:57871\n    at Vr (c:\\Users\\delfi\\.vscode\\extensions\\uqbar.wollok-lsp-ide-0.3.6\\out\\server\\src\\server.js:8:1561)","timestamp":"2024-10-29T19:28:49.748Z"}
{"level":"error","message":"✘ Failed to rebuild document Failed to parse Practica/escaPdp.wlk: \n-- PARSING FAILED --------------------------------------------------\n\nGot the end of the input\n\nExpected one of the following: \n\n'@', 'const', 'method', 'override', 'var', '{', '}', any character/byte, comment, whitespace\n","stack":"Error: Failed to parse Practica/escaPdp.wlk: \n-- PARSING FAILED --------------------------------------------------\n\nGot the end of the input\n\nExpected one of the following: \n\n'@', 'const', 'method', 'override', 'var', '{', '}', any character/byte, comment, whitespace\n\n    at c:\\Users\\delfi\\.vscode\\extensions\\uqbar.wollok-lsp-ide-0.3.6\\out\\server\\src\\server.js:2254:32415\n    at Array.map (<anonymous>)\n    at Jfn (c:\\Users\\delfi\\.vscode\\extensions\\uqbar.wollok-lsp-ide-0.3.6\\out\\server\\src\\server.js:2254:32339)\n    at k2.buildEnvironmentFrom (c:\\Users\\delfi\\.vscode\\extensions\\uqbar.wollok-lsp-ide-0.3.6\\out\\server\\src\\server.js:2285:6721)\n    at k2.updateEnvironmentWith (c:\\Users\\delfi\\.vscode\\extensions\\uqbar.wollok-lsp-ide-0.3.6\\out\\server\\src\\server.js:2285:6456)\n    at jL (c:\\Users\\delfi\\.vscode\\extensions\\uqbar.wollok-lsp-ide-0.3.6\\out\\server\\src\\server.js:2298:2292)\n    at v3.invoke (c:\\Users\\delfi\\.vscode\\extensions\\uqbar.wollok-lsp-ide-0.3.6\\out\\server\\src\\server.js:3:157200)\n    at o.fire (c:\\Users\\delfi\\.vscode\\extensions\\uqbar.wollok-lsp-ide-0.3.6\\out\\server\\src\\server.js:3:157970)\n    at c:\\Users\\delfi\\.vscode\\extensions\\uqbar.wollok-lsp-ide-0.3.6\\out\\server\\src\\server.js:37:57871\n    at Vr (c:\\Users\\delfi\\.vscode\\extensions\\uqbar.wollok-lsp-ide-0.3.6\\out\\server\\src\\server.js:8:1561)","timestamp":"2024-10-29T19:28:49.960Z"}
{"level":"info","message":"⌛ Building environment","timeElapsed":132,"timestamp":"2024-10-29T19:28:50.388Z"}
{"level":"info","message":"⌛ Validating Practica/escaPdp.wlk","timeElapsed":162,"timestamp":"2024-10-29T19:28:50.551Z"}
{"level":"info","message":"⌛ Building environment","timeElapsed":161,"timestamp":"2024-10-29T19:28:50.881Z"}
{"level":"info","message":"⌛ Validating Practica/escaPdp.wlk","timeElapsed":174,"timestamp":"2024-10-29T19:28:51.056Z"}
{"level":"info","message":"⌛ Building environment","timeElapsed":108,"timestamp":"2024-10-29T19:28:51.210Z"}
{"level":"info","message":"⌛ Validating Practica/escaPdp.wlk","timeElapsed":135,"timestamp":"2024-10-29T19:28:51.347Z"}
{"level":"info","message":"⌛ Validating Practica/escaPdp.wlk","timeElapsed":299,"timestamp":"2024-10-29T19:28:51.887Z"}
{"level":"info","message":"⌛ Building environment","timeElapsed":136,"timestamp":"2024-10-29T19:28:52.024Z"}
{"level":"info","message":"⌛ Validating Practica/escaPdp.wlk","timeElapsed":173,"timestamp":"2024-10-29T19:28:52.206Z"}
{"level":"info","message":"⌛ Building environment","timeElapsed":118,"timestamp":"2024-10-29T19:28:52.325Z"}
{"level":"error","message":"✘ Completions for node failed: Error: [Return]{489627} at Practica/escaPdp.wlk:-- exhausted all cases without a match [Return]{489627} at Practica/escaPdp.wlk:-- exhausted all cases without a match","stack":"Error: [Return]{489627} at Practica/escaPdp.wlk:-- exhausted all cases without a match\n    at c:\\Users\\delfi\\.vscode\\extensions\\uqbar.wollok-lsp-ide-0.3.6\\out\\server\\src\\server.js:38:6067\n    at yh (c:\\Users\\delfi\\.vscode\\extensions\\uqbar.wollok-lsp-ide-0.3.6\\out\\server\\src\\server.js:2291:42)\n    at kh (c:\\Users\\delfi\\.vscode\\extensions\\uqbar.wollok-lsp-ide-0.3.6\\out\\server\\src\\server.js:2291:1004)\n    at Y5n (c:\\Users\\delfi\\.vscode\\extensions\\uqbar.wollok-lsp-ide-0.3.6\\out\\server\\src\\server.js:2291:1160)\n    at c:\\Users\\delfi\\.vscode\\extensions\\uqbar.wollok-lsp-ide-0.3.6\\out\\server\\src\\server.js:38:6056\n    at yh (c:\\Users\\delfi\\.vscode\\extensions\\uqbar.wollok-lsp-ide-0.3.6\\out\\server\\src\\server.js:2291:42)\n    at c:\\Users\\delfi\\.vscode\\extensions\\uqbar.wollok-lsp-ide-0.3.6\\out\\server\\src\\server.js:2291:2700\n    at c:\\Users\\delfi\\.vscode\\extensions\\uqbar.wollok-lsp-ide-0.3.6\\out\\server\\src\\server.js:2298:3774\n    at c:\\Users\\delfi\\.vscode\\extensions\\uqbar.wollok-lsp-ide-0.3.6\\out\\server\\src\\server.js:37:74872\n    at Fe (c:\\Users\\delfi\\.vscode\\extensions\\uqbar.wollok-lsp-ide-0.3.6\\out\\server\\src\\server.js:7:8527)","timestamp":"2024-10-29T19:28:52.364Z"}
{"level":"info","message":"⌛ Building environment","timeElapsed":111,"timestamp":"2024-10-29T19:28:52.480Z"}
{"level":"info","message":"⌛ Validating Practica/escaPdp.wlk","timeElapsed":164,"timestamp":"2024-10-29T19:28:52.647Z"}
{"level":"info","message":"onRequest - completionItem/resolve","timestamp":"2024-10-29T19:28:52.647Z"}
{"level":"info","message":"⌛ Validating Practica/escaPdp.wlk","timeElapsed":172,"timestamp":"2024-10-29T19:28:52.820Z"}
{"level":"info","message":"⌛ Building environment","timeElapsed":114,"timestamp":"2024-10-29T19:28:52.935Z"}
{"level":"error","message":"✘ Completions for node failed: Error: [Return]{fe96b2} at Practica/escaPdp.wlk:-- exhausted all cases without a match [Return]{fe96b2} at Practica/escaPdp.wlk:-- exhausted all cases without a match","stack":"Error: [Return]{fe96b2} at Practica/escaPdp.wlk:-- exhausted all cases without a match\n    at c:\\Users\\delfi\\.vscode\\extensions\\uqbar.wollok-lsp-ide-0.3.6\\out\\server\\src\\server.js:38:6067\n    at yh (c:\\Users\\delfi\\.vscode\\extensions\\uqbar.wollok-lsp-ide-0.3.6\\out\\server\\src\\server.js:2291:42)\n    at kh (c:\\Users\\delfi\\.vscode\\extensions\\uqbar.wollok-lsp-ide-0.3.6\\out\\server\\src\\server.js:2291:1004)\n    at Y5n (c:\\Users\\delfi\\.vscode\\extensions\\uqbar.wollok-lsp-ide-0.3.6\\out\\server\\src\\server.js:2291:1160)\n    at c:\\Users\\delfi\\.vscode\\extensions\\uqbar.wollok-lsp-ide-0.3.6\\out\\server\\src\\server.js:38:6056\n    at yh (c:\\Users\\delfi\\.vscode\\extensions\\uqbar.wollok-lsp-ide-0.3.6\\out\\server\\src\\server.js:2291:42)\n    at c:\\Users\\delfi\\.vscode\\extensions\\uqbar.wollok-lsp-ide-0.3.6\\out\\server\\src\\server.js:2291:2700\n    at c:\\Users\\delfi\\.vscode\\extensions\\uqbar.wollok-lsp-ide-0.3.6\\out\\server\\src\\server.js:2298:3774\n    at c:\\Users\\delfi\\.vscode\\extensions\\uqbar.wollok-lsp-ide-0.3.6\\out\\server\\src\\server.js:37:74872\n    at Fe (c:\\Users\\delfi\\.vscode\\extensions\\uqbar.wollok-lsp-ide-0.3.6\\out\\server\\src\\server.js:7:8527)","timestamp":"2024-10-29T19:28:52.965Z"}
{"level":"info","message":"⌛ Validating Practica/escaPdp.wlk","timeElapsed":156,"timestamp":"2024-10-29T19:28:53.127Z"}
{"level":"info","message":"⌛ Building environment","timeElapsed":152,"timestamp":"2024-10-29T19:28:53.413Z"}
{"level":"info","message":"⌛ Validating Practica/escaPdp.wlk","timeElapsed":179,"timestamp":"2024-10-29T19:28:53.593Z"}
{"level":"info","message":"⌛ Building environment","timeElapsed":109,"timestamp":"2024-10-29T19:28:53.703Z"}
{"level":"info","message":"⌛ Building environment","timeElapsed":139,"timestamp":"2024-10-29T19:28:53.842Z"}
{"level":"info","message":"⌛ Validating Practica/escaPdp.wlk","timeElapsed":167,"timestamp":"2024-10-29T19:28:54.010Z"}
{"level":"error","message":"✘ Completions for node failed: Error: [Return]{dd5ad3} at Practica/escaPdp.wlk:-- exhausted all cases without a match [Return]{dd5ad3} at Practica/escaPdp.wlk:-- exhausted all cases without a match","stack":"Error: [Return]{dd5ad3} at Practica/escaPdp.wlk:-- exhausted all cases without a match\n    at c:\\Users\\delfi\\.vscode\\extensions\\uqbar.wollok-lsp-ide-0.3.6\\out\\server\\src\\server.js:38:6067\n    at yh (c:\\Users\\delfi\\.vscode\\extensions\\uqbar.wollok-lsp-ide-0.3.6\\out\\server\\src\\server.js:2291:42)\n    at kh (c:\\Users\\delfi\\.vscode\\extensions\\uqbar.wollok-lsp-ide-0.3.6\\out\\server\\src\\server.js:2291:1004)\n    at Y5n (c:\\Users\\delfi\\.vscode\\extensions\\uqbar.wollok-lsp-ide-0.3.6\\out\\server\\src\\server.js:2291:1160)\n    at c:\\Users\\delfi\\.vscode\\extensions\\uqbar.wollok-lsp-ide-0.3.6\\out\\server\\src\\server.js:38:6056\n    at yh (c:\\Users\\delfi\\.vscode\\extensions\\uqbar.wollok-lsp-ide-0.3.6\\out\\server\\src\\server.js:2291:42)\n    at c:\\Users\\delfi\\.vscode\\extensions\\uqbar.wollok-lsp-ide-0.3.6\\out\\server\\src\\server.js:2291:2700\n    at c:\\Users\\delfi\\.vscode\\extensions\\uqbar.wollok-lsp-ide-0.3.6\\out\\server\\src\\server.js:2298:3774\n    at c:\\Users\\delfi\\.vscode\\extensions\\uqbar.wollok-lsp-ide-0.3.6\\out\\server\\src\\server.js:37:74872\n    at Fe (c:\\Users\\delfi\\.vscode\\extensions\\uqbar.wollok-lsp-ide-0.3.6\\out\\server\\src\\server.js:7:8527)","timestamp":"2024-10-29T19:28:54.143Z"}
{"level":"info","message":"⌛ Validating Practica/escaPdp.wlk","timeElapsed":161,"timestamp":"2024-10-29T19:28:54.308Z"}
{"level":"info","message":"⌛ Building environment","timeElapsed":113,"timestamp":"2024-10-29T19:28:54.422Z"}
{"level":"info","message":"⌛ Validating Practica/escaPdp.wlk","timeElapsed":157,"timestamp":"2024-10-29T19:28:54.582Z"}
{"level":"info","message":"onRequest - completionItem/resolve","timestamp":"2024-10-29T19:28:54.582Z"}
{"level":"info","message":"onRequest - completionItem/resolve","timestamp":"2024-10-29T19:28:54.680Z"}
{"level":"info","message":"⌛ Validating Practica/escaPdp.wlk","timeElapsed":158,"timestamp":"2024-10-29T19:28:54.838Z"}
{"level":"info","message":"⌛ Building environment","timeElapsed":166,"timestamp":"2024-10-29T19:28:55.006Z"}
{"level":"info","message":"onRequest - completionItem/resolve","timestamp":"2024-10-29T19:28:55.010Z"}
{"level":"info","message":"⌛ Building environment","timeElapsed":123,"timestamp":"2024-10-29T19:28:55.133Z"}
{"level":"info","message":"onRequest - completionItem/resolve","timestamp":"2024-10-29T19:28:55.134Z"}
{"level":"info","message":"⌛ Validating Practica/escaPdp.wlk","timeElapsed":208,"timestamp":"2024-10-29T19:28:55.343Z"}
{"level":"info","message":"⌛ Building environment","timeElapsed":108,"timestamp":"2024-10-29T19:28:55.451Z"}
{"level":"info","message":"onRequest - completionItem/resolve","timestamp":"2024-10-29T19:28:55.451Z"}
{"level":"info","message":"⌛ Validating Practica/escaPdp.wlk","timeElapsed":153,"timestamp":"2024-10-29T19:28:55.604Z"}
{"level":"info","message":"onRequest - completionItem/resolve","timestamp":"2024-10-29T19:28:55.605Z"}
{"level":"info","message":"⌛ Building environment","timeElapsed":162,"timestamp":"2024-10-29T19:28:55.767Z"}
{"level":"info","message":"⌛ Validating Practica/escaPdp.wlk","timeElapsed":159,"timestamp":"2024-10-29T19:28:55.927Z"}
{"level":"info","message":"⌛ Validating Practica/escaPdp.wlk","timeElapsed":150,"timestamp":"2024-10-29T19:28:56.077Z"}
{"level":"info","message":"⌛ Validating Practica/escaPdp.wlk","timeElapsed":153,"timestamp":"2024-10-29T19:28:56.238Z"}
{"level":"info","message":"⌛ Building environment","timeElapsed":181,"timestamp":"2024-10-29T19:28:56.646Z"}
{"level":"info","message":"⌛ Building environment","timeElapsed":150,"timestamp":"2024-10-29T19:28:56.796Z"}
{"level":"info","message":"⌛ Validating Practica/escaPdp.wlk","timeElapsed":212,"timestamp":"2024-10-29T19:28:57.009Z"}
{"level":"info","message":"onRequest - completionItem/resolve","timestamp":"2024-10-29T19:28:57.009Z"}
{"level":"info","message":"⌛ Validating Practica/escaPdp.wlk","timeElapsed":204,"timestamp":"2024-10-29T19:28:57.213Z"}
{"level":"info","message":"⌛ Building environment","timeElapsed":102,"timestamp":"2024-10-29T19:28:57.315Z"}
{"level":"info","message":"⌛ Validating Practica/escaPdp.wlk","timeElapsed":167,"timestamp":"2024-10-29T19:28:57.489Z"}
{"level":"info","message":"⌛ Validating Practica/escaPdp.wlk","timeElapsed":137,"timestamp":"2024-10-29T19:28:57.627Z"}
{"level":"info","message":"⌛ Validating Practica/escaPdp.wlk","timeElapsed":149,"timestamp":"2024-10-29T19:28:57.867Z"}
{"level":"info","message":"⌛ Validating Practica/escaPdp.wlk","timeElapsed":144,"timestamp":"2024-10-29T19:28:58.108Z"}
{"level":"info","message":"⌛ Validating Practica/escaPdp.wlk","timeElapsed":158,"timestamp":"2024-10-29T19:28:58.365Z"}
{"level":"info","message":"⌛ Validating Practica/escaPdp.wlk","timeElapsed":218,"timestamp":"2024-10-29T19:28:58.650Z"}
{"level":"info","message":"⌛ Building environment","timeElapsed":144,"timestamp":"2024-10-29T19:28:59.393Z"}
{"level":"error","message":"✘ Completions for node failed: Error: [Return]{6d2c28} at Practica/escaPdp.wlk:-- exhausted all cases without a match [Return]{6d2c28} at Practica/escaPdp.wlk:-- exhausted all cases without a match","stack":"Error: [Return]{6d2c28} at Practica/escaPdp.wlk:-- exhausted all cases without a match\n    at c:\\Users\\delfi\\.vscode\\extensions\\uqbar.wollok-lsp-ide-0.3.6\\out\\server\\src\\server.js:38:6067\n    at yh (c:\\Users\\delfi\\.vscode\\extensions\\uqbar.wollok-lsp-ide-0.3.6\\out\\server\\src\\server.js:2291:42)\n    at kh (c:\\Users\\delfi\\.vscode\\extensions\\uqbar.wollok-lsp-ide-0.3.6\\out\\server\\src\\server.js:2291:1004)\n    at Y5n (c:\\Users\\delfi\\.vscode\\extensions\\uqbar.wollok-lsp-ide-0.3.6\\out\\server\\src\\server.js:2291:1160)\n    at c:\\Users\\delfi\\.vscode\\extensions\\uqbar.wollok-lsp-ide-0.3.6\\out\\server\\src\\server.js:38:6056\n    at yh (c:\\Users\\delfi\\.vscode\\extensions\\uqbar.wollok-lsp-ide-0.3.6\\out\\server\\src\\server.js:2291:42)\n    at c:\\Users\\delfi\\.vscode\\extensions\\uqbar.wollok-lsp-ide-0.3.6\\out\\server\\src\\server.js:2291:2700\n    at c:\\Users\\delfi\\.vscode\\extensions\\uqbar.wollok-lsp-ide-0.3.6\\out\\server\\src\\server.js:2298:3774\n    at c:\\Users\\delfi\\.vscode\\extensions\\uqbar.wollok-lsp-ide-0.3.6\\out\\server\\src\\server.js:37:74872\n    at Fe (c:\\Users\\delfi\\.vscode\\extensions\\uqbar.wollok-lsp-ide-0.3.6\\out\\server\\src\\server.js:7:8527)","timestamp":"2024-10-29T19:28:59.431Z"}
{"level":"info","message":"⌛ Validating Practica/escaPdp.wlk","timeElapsed":163,"timestamp":"2024-10-29T19:28:59.602Z"}
{"level":"info","message":"⌛ Building environment","timeElapsed":133,"timestamp":"2024-10-29T19:28:59.736Z"}
{"level":"info","message":"onRequest - completionItem/resolve","timestamp":"2024-10-29T19:28:59.737Z"}
{"level":"info","message":"⌛ Building environment","timeElapsed":121,"timestamp":"2024-10-29T19:28:59.858Z"}
{"level":"info","message":"onRequest - completionItem/resolve","timestamp":"2024-10-29T19:28:59.859Z"}
{"level":"info","message":"⌛ Building environment","timeElapsed":130,"timestamp":"2024-10-29T19:28:59.989Z"}
{"level":"info","message":"onRequest - completionItem/resolve","timestamp":"2024-10-29T19:28:59.990Z"}
{"level":"info","message":"⌛ Validating Practica/escaPdp.wlk","timeElapsed":188,"timestamp":"2024-10-29T19:29:00.178Z"}
{"level":"info","message":"⌛ Building environment","timeElapsed":124,"timestamp":"2024-10-29T19:29:00.303Z"}
{"level":"info","message":"⌛ Validating Practica/escaPdp.wlk","timeElapsed":196,"timestamp":"2024-10-29T19:29:00.499Z"}
{"level":"info","message":"onRequest - completionItem/resolve","timestamp":"2024-10-29T19:29:00.500Z"}
{"level":"info","message":"⌛ Validating Practica/escaPdp.wlk","timeElapsed":186,"timestamp":"2024-10-29T19:29:00.686Z"}
{"level":"info","message":"⌛ Building environment","timeElapsed":109,"timestamp":"2024-10-29T19:29:00.795Z"}
{"level":"info","message":"onRequest - completionItem/resolve","timestamp":"2024-10-29T19:29:00.795Z"}
{"level":"info","message":"⌛ Validating Practica/escaPdp.wlk","timeElapsed":182,"timestamp":"2024-10-29T19:29:00.977Z"}
{"level":"info","message":"⌛ Building environment","timeElapsed":178,"timestamp":"2024-10-29T19:29:01.163Z"}
{"level":"info","message":"onRequest - completionItem/resolve","timestamp":"2024-10-29T19:29:01.164Z"}
{"level":"info","message":"⌛ Building environment","timeElapsed":117,"timestamp":"2024-10-29T19:29:01.281Z"}
{"level":"info","message":"onRequest - completionItem/resolve","timestamp":"2024-10-29T19:29:01.287Z"}
{"level":"info","message":"⌛ Validating Practica/escaPdp.wlk","timeElapsed":196,"timestamp":"2024-10-29T19:29:01.484Z"}
{"level":"info","message":"⌛ Building environment","timeElapsed":105,"timestamp":"2024-10-29T19:29:01.590Z"}
{"level":"info","message":"onRequest - completionItem/resolve","timestamp":"2024-10-29T19:29:01.592Z"}
{"level":"info","message":"⌛ Building environment","timeElapsed":129,"timestamp":"2024-10-29T19:29:01.721Z"}
{"level":"info","message":"onRequest - completionItem/resolve","timestamp":"2024-10-29T19:29:01.721Z"}
{"level":"info","message":"⌛ Validating Practica/escaPdp.wlk","timeElapsed":174,"timestamp":"2024-10-29T19:29:01.896Z"}
{"level":"info","message":"⌛ Building environment","timeElapsed":134,"timestamp":"2024-10-29T19:29:02.030Z"}
{"level":"info","message":"onRequest - completionItem/resolve","timestamp":"2024-10-29T19:29:02.030Z"}
{"level":"info","message":"⌛ Validating Practica/escaPdp.wlk","timeElapsed":288,"timestamp":"2024-10-29T19:29:02.318Z"}
{"level":"info","message":"⌛ Building environment","timeElapsed":119,"timestamp":"2024-10-29T19:29:02.440Z"}
{"level":"info","message":"⌛ Validating Practica/escaPdp.wlk","timeElapsed":187,"timestamp":"2024-10-29T19:29:02.627Z"}
{"level":"info","message":"⌛ Validating Practica/escaPdp.wlk","timeElapsed":208,"timestamp":"2024-10-29T19:29:02.836Z"}
{"level":"info","message":"⌛ Building environment","timeElapsed":153,"timestamp":"2024-10-29T19:29:03.073Z"}
{"level":"info","message":"⌛ Validating Practica/escaPdp.wlk","timeElapsed":219,"timestamp":"2024-10-29T19:29:03.292Z"}
{"level":"error","message":"✘ Completions for node failed: Error: [Return]{a35bd0} at Practica/escaPdp.wlk:-- exhausted all cases without a match [Return]{a35bd0} at Practica/escaPdp.wlk:-- exhausted all cases without a match","stack":"Error: [Return]{a35bd0} at Practica/escaPdp.wlk:-- exhausted all cases without a match\n    at c:\\Users\\delfi\\.vscode\\extensions\\uqbar.wollok-lsp-ide-0.3.6\\out\\server\\src\\server.js:38:6067\n    at yh (c:\\Users\\delfi\\.vscode\\extensions\\uqbar.wollok-lsp-ide-0.3.6\\out\\server\\src\\server.js:2291:42)\n    at kh (c:\\Users\\delfi\\.vscode\\extensions\\uqbar.wollok-lsp-ide-0.3.6\\out\\server\\src\\server.js:2291:1004)\n    at Y5n (c:\\Users\\delfi\\.vscode\\extensions\\uqbar.wollok-lsp-ide-0.3.6\\out\\server\\src\\server.js:2291:1160)\n    at c:\\Users\\delfi\\.vscode\\extensions\\uqbar.wollok-lsp-ide-0.3.6\\out\\server\\src\\server.js:38:6056\n    at yh (c:\\Users\\delfi\\.vscode\\extensions\\uqbar.wollok-lsp-ide-0.3.6\\out\\server\\src\\server.js:2291:42)\n    at c:\\Users\\delfi\\.vscode\\extensions\\uqbar.wollok-lsp-ide-0.3.6\\out\\server\\src\\server.js:2291:2700\n    at c:\\Users\\delfi\\.vscode\\extensions\\uqbar.wollok-lsp-ide-0.3.6\\out\\server\\src\\server.js:2298:3774\n    at c:\\Users\\delfi\\.vscode\\extensions\\uqbar.wollok-lsp-ide-0.3.6\\out\\server\\src\\server.js:37:74872\n    at Fe (c:\\Users\\delfi\\.vscode\\extensions\\uqbar.wollok-lsp-ide-0.3.6\\out\\server\\src\\server.js:7:8527)","timestamp":"2024-10-29T19:29:03.334Z"}
{"level":"info","message":"⌛ Building environment","timeElapsed":137,"timestamp":"2024-10-29T19:29:03.478Z"}
{"level":"info","message":"⌛ Validating Practica/escaPdp.wlk","timeElapsed":265,"timestamp":"2024-10-29T19:29:03.743Z"}
{"level":"info","message":"⌛ Building environment","timeElapsed":146,"timestamp":"2024-10-29T19:29:03.890Z"}
{"level":"info","message":"⌛ Building environment","timeElapsed":145,"timestamp":"2024-10-29T19:29:04.036Z"}
{"level":"info","message":"⌛ Building environment","timeElapsed":118,"timestamp":"2024-10-29T19:29:04.155Z"}
{"level":"info","message":"⌛ Building environment","timeElapsed":119,"timestamp":"2024-10-29T19:29:04.274Z"}
{"level":"info","message":"⌛ Building environment","timeElapsed":117,"timestamp":"2024-10-29T19:29:04.394Z"}
{"level":"info","message":"⌛ Validating Practica/escaPdp.wlk","timeElapsed":174,"timestamp":"2024-10-29T19:29:04.568Z"}
{"level":"info","message":"⌛ Building environment","timeElapsed":111,"timestamp":"2024-10-29T19:29:04.680Z"}
{"level":"info","message":"⌛ Building environment","timeElapsed":142,"timestamp":"2024-10-29T19:29:04.822Z"}
{"level":"error","message":"✘ Completions for node failed: Error: [Return]{72be08} at Practica/escaPdp.wlk:-- exhausted all cases without a match [Return]{72be08} at Practica/escaPdp.wlk:-- exhausted all cases without a match","stack":"Error: [Return]{72be08} at Practica/escaPdp.wlk:-- exhausted all cases without a match\n    at c:\\Users\\delfi\\.vscode\\extensions\\uqbar.wollok-lsp-ide-0.3.6\\out\\server\\src\\server.js:38:6067\n    at yh (c:\\Users\\delfi\\.vscode\\extensions\\uqbar.wollok-lsp-ide-0.3.6\\out\\server\\src\\server.js:2291:42)\n    at kh (c:\\Users\\delfi\\.vscode\\extensions\\uqbar.wollok-lsp-ide-0.3.6\\out\\server\\src\\server.js:2291:1004)\n    at Y5n (c:\\Users\\delfi\\.vscode\\extensions\\uqbar.wollok-lsp-ide-0.3.6\\out\\server\\src\\server.js:2291:1160)\n    at c:\\Users\\delfi\\.vscode\\extensions\\uqbar.wollok-lsp-ide-0.3.6\\out\\server\\src\\server.js:38:6056\n    at yh (c:\\Users\\delfi\\.vscode\\extensions\\uqbar.wollok-lsp-ide-0.3.6\\out\\server\\src\\server.js:2291:42)\n    at c:\\Users\\delfi\\.vscode\\extensions\\uqbar.wollok-lsp-ide-0.3.6\\out\\server\\src\\server.js:2291:2700\n    at c:\\Users\\delfi\\.vscode\\extensions\\uqbar.wollok-lsp-ide-0.3.6\\out\\server\\src\\server.js:2298:3774\n    at c:\\Users\\delfi\\.vscode\\extensions\\uqbar.wollok-lsp-ide-0.3.6\\out\\server\\src\\server.js:37:74872\n    at Fe (c:\\Users\\delfi\\.vscode\\extensions\\uqbar.wollok-lsp-ide-0.3.6\\out\\server\\src\\server.js:7:8527)","timestamp":"2024-10-29T19:29:04.857Z"}
{"level":"info","message":"⌛ Validating Practica/escaPdp.wlk","timeElapsed":153,"timestamp":"2024-10-29T19:29:05.013Z"}
{"level":"error","message":"✘ Completions for node failed: Error: [Return]{6e3789} at Practica/escaPdp.wlk:-- exhausted all cases without a match [Return]{6e3789} at Practica/escaPdp.wlk:-- exhausted all cases without a match","stack":"Error: [Return]{6e3789} at Practica/escaPdp.wlk:-- exhausted all cases without a match\n    at c:\\Users\\delfi\\.vscode\\extensions\\uqbar.wollok-lsp-ide-0.3.6\\out\\server\\src\\server.js:38:6067\n    at yh (c:\\Users\\delfi\\.vscode\\extensions\\uqbar.wollok-lsp-ide-0.3.6\\out\\server\\src\\server.js:2291:42)\n    at kh (c:\\Users\\delfi\\.vscode\\extensions\\uqbar.wollok-lsp-ide-0.3.6\\out\\server\\src\\server.js:2291:1004)\n    at Y5n (c:\\Users\\delfi\\.vscode\\extensions\\uqbar.wollok-lsp-ide-0.3.6\\out\\server\\src\\server.js:2291:1160)\n    at c:\\Users\\delfi\\.vscode\\extensions\\uqbar.wollok-lsp-ide-0.3.6\\out\\server\\src\\server.js:38:6056\n    at yh (c:\\Users\\delfi\\.vscode\\extensions\\uqbar.wollok-lsp-ide-0.3.6\\out\\server\\src\\server.js:2291:42)\n    at c:\\Users\\delfi\\.vscode\\extensions\\uqbar.wollok-lsp-ide-0.3.6\\out\\server\\src\\server.js:2291:2700\n    at c:\\Users\\delfi\\.vscode\\extensions\\uqbar.wollok-lsp-ide-0.3.6\\out\\server\\src\\server.js:2298:3774\n    at c:\\Users\\delfi\\.vscode\\extensions\\uqbar.wollok-lsp-ide-0.3.6\\out\\server\\src\\server.js:37:74872\n    at Fe (c:\\Users\\delfi\\.vscode\\extensions\\uqbar.wollok-lsp-ide-0.3.6\\out\\server\\src\\server.js:7:8527)","timestamp":"2024-10-29T19:29:05.145Z"}
{"level":"info","message":"⌛ Building environment","timeElapsed":105,"timestamp":"2024-10-29T19:29:05.253Z"}
{"level":"info","message":"⌛ Validating Practica/escaPdp.wlk","timeElapsed":169,"timestamp":"2024-10-29T19:29:05.424Z"}
{"level":"info","message":"⌛ Building environment","timeElapsed":119,"timestamp":"2024-10-29T19:29:05.544Z"}
{"level":"info","message":"⌛ Validating Practica/escaPdp.wlk","timeElapsed":159,"timestamp":"2024-10-29T19:29:05.706Z"}
{"level":"info","message":"⌛ Building environment","timeElapsed":102,"timestamp":"2024-10-29T19:29:05.808Z"}
{"level":"info","message":"⌛ Validating Practica/escaPdp.wlk","timeElapsed":172,"timestamp":"2024-10-29T19:29:05.982Z"}
{"level":"info","message":"⌛ Validating Practica/escaPdp.wlk","timeElapsed":162,"timestamp":"2024-10-29T19:29:06.144Z"}
{"level":"info","message":"⌛ Validating Practica/escaPdp.wlk","timeElapsed":168,"timestamp":"2024-10-29T19:29:06.312Z"}
{"level":"info","message":"⌛ Validating Practica/escaPdp.wlk","timeElapsed":152,"timestamp":"2024-10-29T19:29:06.568Z"}
{"level":"info","message":"⌛ Validating Practica/escaPdp.wlk","timeElapsed":174,"timestamp":"2024-10-29T19:29:06.743Z"}
{"level":"info","message":"⌛ Validating Practica/escaPdp.wlk","timeElapsed":167,"timestamp":"2024-10-29T19:29:06.920Z"}
{"level":"info","message":"⌛ Building environment","timeElapsed":196,"timestamp":"2024-10-29T19:29:07.117Z"}
{"level":"info","message":"⌛ Validating Practica/escaPdp.wlk","timeElapsed":210,"timestamp":"2024-10-29T19:29:07.327Z"}
{"level":"info","message":"⌛ Building environment","timeElapsed":259,"timestamp":"2024-10-29T19:29:07.587Z"}
{"level":"info","message":"⌛ Building environment","timeElapsed":156,"timestamp":"2024-10-29T19:29:07.744Z"}
{"level":"error","message":"✘ Completions for node failed: Error: [Return]{d9a227} at Practica/escaPdp.wlk:-- exhausted all cases without a match [Return]{d9a227} at Practica/escaPdp.wlk:-- exhausted all cases without a match","stack":"Error: [Return]{d9a227} at Practica/escaPdp.wlk:-- exhausted all cases without a match\n    at c:\\Users\\delfi\\.vscode\\extensions\\uqbar.wollok-lsp-ide-0.3.6\\out\\server\\src\\server.js:38:6067\n    at yh (c:\\Users\\delfi\\.vscode\\extensions\\uqbar.wollok-lsp-ide-0.3.6\\out\\server\\src\\server.js:2291:42)\n    at kh (c:\\Users\\delfi\\.vscode\\extensions\\uqbar.wollok-lsp-ide-0.3.6\\out\\server\\src\\server.js:2291:1004)\n    at Y5n (c:\\Users\\delfi\\.vscode\\extensions\\uqbar.wollok-lsp-ide-0.3.6\\out\\server\\src\\server.js:2291:1160)\n    at c:\\Users\\delfi\\.vscode\\extensions\\uqbar.wollok-lsp-ide-0.3.6\\out\\server\\src\\server.js:38:6056\n    at yh (c:\\Users\\delfi\\.vscode\\extensions\\uqbar.wollok-lsp-ide-0.3.6\\out\\server\\src\\server.js:2291:42)\n    at c:\\Users\\delfi\\.vscode\\extensions\\uqbar.wollok-lsp-ide-0.3.6\\out\\server\\src\\server.js:2291:2700\n    at c:\\Users\\delfi\\.vscode\\extensions\\uqbar.wollok-lsp-ide-0.3.6\\out\\server\\src\\server.js:2298:3774\n    at c:\\Users\\delfi\\.vscode\\extensions\\uqbar.wollok-lsp-ide-0.3.6\\out\\server\\src\\server.js:37:74872\n    at Fe (c:\\Users\\delfi\\.vscode\\extensions\\uqbar.wollok-lsp-ide-0.3.6\\out\\server\\src\\server.js:7:8527)","timestamp":"2024-10-29T19:29:07.779Z"}
{"level":"info","message":"⌛ Validating Practica/escaPdp.wlk","timeElapsed":169,"timestamp":"2024-10-29T19:29:07.954Z"}
{"level":"info","message":"⌛ Validating Practica/escaPdp.wlk","timeElapsed":163,"timestamp":"2024-10-29T19:29:08.308Z"}
{"level":"info","message":"⌛ Building environment","timeElapsed":105,"timestamp":"2024-10-29T19:29:08.413Z"}
{"level":"info","message":"⌛ Building environment","timeElapsed":125,"timestamp":"2024-10-29T19:29:08.544Z"}
{"level":"info","message":"⌛ Building environment","timeElapsed":103,"timestamp":"2024-10-29T19:29:08.647Z"}
{"level":"info","message":"⌛ Validating Practica/escaPdp.wlk","timeElapsed":251,"timestamp":"2024-10-29T19:29:08.901Z"}
{"level":"info","message":"⌛ Building environment","timeElapsed":104,"timestamp":"2024-10-29T19:29:09.005Z"}
{"level":"info","message":"⌛ Building environment","timeElapsed":107,"timestamp":"2024-10-29T19:29:09.114Z"}
{"level":"info","message":"⌛ Building environment","timeElapsed":101,"timestamp":"2024-10-29T19:29:09.215Z"}
{"level":"info","message":"⌛ Validating Practica/escaPdp.wlk","timeElapsed":163,"timestamp":"2024-10-29T19:29:09.471Z"}
{"level":"info","message":"⌛ Building environment","timeElapsed":105,"timestamp":"2024-10-29T19:29:09.585Z"}
{"level":"info","message":"⌛ Validating Practica/escaPdp.wlk","timeElapsed":176,"timestamp":"2024-10-29T19:29:09.809Z"}
{"level":"info","message":"⌛ Validating Practica/escaPdp.wlk","timeElapsed":140,"timestamp":"2024-10-29T19:29:09.949Z"}
{"level":"info","message":"⌛ Validating Practica/escaPdp.wlk","timeElapsed":158,"timestamp":"2024-10-29T19:29:10.108Z"}
{"level":"info","message":"⌛ Building environment","timeElapsed":142,"timestamp":"2024-10-29T19:29:10.251Z"}
{"level":"info","message":"⌛ Validating Practica/escaPdp.wlk","timeElapsed":170,"timestamp":"2024-10-29T19:29:10.422Z"}
{"level":"info","message":"⌛ Validating Practica/escaPdp.wlk","timeElapsed":157,"timestamp":"2024-10-29T19:29:10.580Z"}
{"level":"info","message":"⌛ Building environment","timeElapsed":109,"timestamp":"2024-10-29T19:29:10.689Z"}
{"level":"info","message":"⌛ Validating Practica/escaPdp.wlk","timeElapsed":158,"timestamp":"2024-10-29T19:29:10.855Z"}
{"level":"info","message":"⌛ Building environment","timeElapsed":101,"timestamp":"2024-10-29T19:29:10.956Z"}
{"level":"info","message":"⌛ Validating Practica/escaPdp.wlk","timeElapsed":160,"timestamp":"2024-10-29T19:29:11.118Z"}
{"level":"info","message":"⌛ Building environment","timeElapsed":102,"timestamp":"2024-10-29T19:29:11.322Z"}
{"level":"info","message":"⌛ Building environment","timeElapsed":197,"timestamp":"2024-10-29T19:29:11.519Z"}
{"level":"info","message":"⌛ Validating Practica/escaPdp.wlk","timeElapsed":144,"timestamp":"2024-10-29T19:29:11.664Z"}
{"level":"info","message":"⌛ Building environment","timeElapsed":112,"timestamp":"2024-10-29T19:29:11.776Z"}
{"level":"info","message":"⌛ Validating Practica/escaPdp.wlk","timeElapsed":151,"timestamp":"2024-10-29T19:29:11.927Z"}
{"level":"info","message":"⌛ Validating Practica/escaPdp.wlk","timeElapsed":149,"timestamp":"2024-10-29T19:29:12.077Z"}
{"level":"info","message":"⌛ Validating Practica/escaPdp.wlk","timeElapsed":232,"timestamp":"2024-10-29T19:29:12.309Z"}
{"level":"info","message":"⌛ Validating Practica/escaPdp.wlk","timeElapsed":185,"timestamp":"2024-10-29T19:29:12.500Z"}
{"level":"info","message":"onRequest - completionItem/resolve","timestamp":"2024-10-29T19:29:12.501Z"}
{"level":"info","message":"⌛ Validating Practica/escaPdp.wlk","timeElapsed":164,"timestamp":"2024-10-29T19:29:12.666Z"}
{"level":"info","message":"⌛ Validating Practica/escaPdp.wlk","timeElapsed":136,"timestamp":"2024-10-29T19:29:12.802Z"}
{"level":"info","message":"⌛ Validating Practica/escaPdp.wlk","timeElapsed":137,"timestamp":"2024-10-29T19:29:12.939Z"}
{"level":"info","message":"⌛ Validating Practica/escaPdp.wlk","timeElapsed":144,"timestamp":"2024-10-29T19:29:13.083Z"}
{"level":"info","message":"⌛ Building environment","timeElapsed":146,"timestamp":"2024-10-29T19:29:13.231Z"}
{"level":"info","message":"⌛ Validating Practica/escaPdp.wlk","timeElapsed":141,"timestamp":"2024-10-29T19:29:13.373Z"}
{"level":"info","message":"⌛ Validating Practica/escaPdp.wlk","timeElapsed":139,"timestamp":"2024-10-29T19:29:13.512Z"}
{"level":"info","message":"⌛ Validating Practica/escaPdp.wlk","timeElapsed":135,"timestamp":"2024-10-29T19:29:13.656Z"}
{"level":"info","message":"⌛ Validating Practica/escaPdp.wlk","timeElapsed":144,"timestamp":"2024-10-29T19:29:13.800Z"}
{"level":"info","message":"⌛ Building environment","timeElapsed":105,"timestamp":"2024-10-29T19:29:32.025Z"}
{"level":"info","message":"⌛ Validating Practica/escaPdp.wlk","timeElapsed":164,"timestamp":"2024-10-29T19:29:32.193Z"}
{"level":"info","message":"⌛ Building environment","timeElapsed":105,"timestamp":"2024-10-29T19:29:33.598Z"}
{"level":"info","message":"⌛ Validating Practica/escaPdp.wlk","timeElapsed":117,"timestamp":"2024-10-29T19:29:33.736Z"}
{"level":"info","message":"onRequest - completionItem/resolve","timestamp":"2024-10-29T19:29:33.737Z"}
{"level":"info","message":"⌛ Building environment","timeElapsed":178,"timestamp":"2024-10-29T19:29:34.164Z"}
{"level":"info","message":"⌛ Building environment","timeElapsed":165,"timestamp":"2024-10-29T19:29:34.329Z"}
{"level":"info","message":"⌛ Validating Practica/escaPdp.wlk","timeElapsed":186,"timestamp":"2024-10-29T19:29:34.515Z"}
{"level":"info","message":"⌛ Building environment","timeElapsed":182,"timestamp":"2024-10-29T19:29:34.699Z"}
{"level":"info","message":"⌛ Validating Practica/escaPdp.wlk","timeElapsed":170,"timestamp":"2024-10-29T19:29:34.870Z"}
{"level":"info","message":"⌛ Building environment","timeElapsed":125,"timestamp":"2024-10-29T19:29:34.996Z"}
{"level":"info","message":"⌛ Validating Practica/escaPdp.wlk","timeElapsed":183,"timestamp":"2024-10-29T19:29:35.229Z"}
{"level":"info","message":"⌛ Building environment","timeElapsed":116,"timestamp":"2024-10-29T19:29:35.347Z"}
{"level":"info","message":"⌛ Building environment","timeElapsed":168,"timestamp":"2024-10-29T19:29:35.643Z"}
{"level":"info","message":"⌛ Validating Practica/escaPdp.wlk","timeElapsed":175,"timestamp":"2024-10-29T19:29:35.818Z"}
{"level":"info","message":"⌛ Validating Practica/escaPdp.wlk","timeElapsed":277,"timestamp":"2024-10-29T19:29:36.291Z"}
{"level":"info","message":"⌛ Validating Practica/escaPdp.wlk","timeElapsed":230,"timestamp":"2024-10-29T19:29:36.532Z"}
{"level":"info","message":"⌛ Building environment","timeElapsed":119,"timestamp":"2024-10-29T19:29:36.652Z"}
{"level":"info","message":"⌛ Validating Practica/escaPdp.wlk","timeElapsed":146,"timestamp":"2024-10-29T19:29:36.833Z"}
{"level":"info","message":"⌛ Building environment","timeElapsed":104,"timestamp":"2024-10-29T19:29:36.938Z"}
{"level":"info","message":"⌛ Validating Practica/escaPdp.wlk","timeElapsed":153,"timestamp":"2024-10-29T19:29:37.094Z"}
{"level":"info","message":"⌛ Building environment","timeElapsed":136,"timestamp":"2024-10-29T19:29:37.230Z"}
{"level":"info","message":"⌛ Validating Practica/escaPdp.wlk","timeElapsed":144,"timestamp":"2024-10-29T19:29:37.376Z"}
{"level":"info","message":"⌛ Building environment","timeElapsed":101,"timestamp":"2024-10-29T19:29:37.478Z"}
{"level":"info","message":"⌛ Building environment","timeElapsed":104,"timestamp":"2024-10-29T19:29:37.584Z"}
{"level":"info","message":"⌛ Building environment","timeElapsed":118,"timestamp":"2024-10-29T19:29:37.702Z"}
{"level":"info","message":"⌛ Validating Practica/escaPdp.wlk","timeElapsed":174,"timestamp":"2024-10-29T19:29:37.876Z"}
{"level":"info","message":"⌛ Building environment","timeElapsed":110,"timestamp":"2024-10-29T19:29:37.995Z"}
{"level":"info","message":"⌛ Validating Practica/escaPdp.wlk","timeElapsed":147,"timestamp":"2024-10-29T19:29:38.173Z"}
{"level":"info","message":"⌛ Validating Practica/escaPdp.wlk","timeElapsed":155,"timestamp":"2024-10-29T19:29:38.329Z"}
{"level":"info","message":"⌛ Validating Practica/escaPdp.wlk","timeElapsed":148,"timestamp":"2024-10-29T19:29:38.478Z"}
{"level":"info","message":"⌛ Validating Practica/escaPdp.wlk","timeElapsed":137,"timestamp":"2024-10-29T19:29:38.615Z"}
{"level":"info","message":"⌛ Validating Practica/escaPdp.wlk","timeElapsed":150,"timestamp":"2024-10-29T19:29:38.765Z"}
{"level":"info","message":"⌛ Validating Practica/escaPdp.wlk","timeElapsed":138,"timestamp":"2024-10-29T19:29:38.903Z"}
{"level":"info","message":"⌛ Building environment","timeElapsed":104,"timestamp":"2024-10-29T19:29:39.008Z"}
{"level":"info","message":"⌛ Validating Practica/escaPdp.wlk","timeElapsed":153,"timestamp":"2024-10-29T19:29:39.162Z"}
{"level":"info","message":"⌛ Building environment","timeElapsed":122,"timestamp":"2024-10-29T19:29:40.672Z"}
{"level":"info","message":"⌛ Validating Practica/escaPdp.wlk","timeElapsed":138,"timestamp":"2024-10-29T19:29:40.924Z"}
{"level":"info","message":"onRequest - completionItem/resolve","timestamp":"2024-10-29T19:29:40.924Z"}
{"level":"info","message":"⌛ Validating Practica/escaPdp.wlk","timeElapsed":149,"timestamp":"2024-10-29T19:29:41.073Z"}
{"level":"info","message":"onRequest - completionItem/resolve","timestamp":"2024-10-29T19:29:41.171Z"}
{"level":"info","message":"onRequest - completionItem/resolve","timestamp":"2024-10-29T19:29:41.274Z"}
{"level":"info","message":"⌛ Validating Practica/escaPdp.wlk","timeElapsed":145,"timestamp":"2024-10-29T19:29:41.419Z"}
{"level":"info","message":"⌛ Building environment","timeElapsed":103,"timestamp":"2024-10-29T19:29:41.523Z"}
{"level":"info","message":"onRequest - completionItem/resolve","timestamp":"2024-10-29T19:29:41.525Z"}
{"level":"info","message":"⌛ Validating Practica/escaPdp.wlk","timeElapsed":136,"timestamp":"2024-10-29T19:29:41.662Z"}
{"level":"info","message":"onRequest - completionItem/resolve","timestamp":"2024-10-29T19:29:41.762Z"}
{"level":"info","message":"⌛ Validating Practica/escaPdp.wlk","timeElapsed":139,"timestamp":"2024-10-29T19:29:41.901Z"}
{"level":"info","message":"⌛ Validating Practica/escaPdp.wlk","timeElapsed":135,"timestamp":"2024-10-29T19:29:42.040Z"}
{"level":"info","message":"onRequest - completionItem/resolve","timestamp":"2024-10-29T19:29:42.040Z"}
{"level":"info","message":"⌛ Validating Practica/escaPdp.wlk","timeElapsed":145,"timestamp":"2024-10-29T19:29:42.280Z"}
{"level":"info","message":"⌛ Building environment","timeElapsed":105,"timestamp":"2024-10-29T19:29:42.706Z"}
{"level":"info","message":"⌛ Validating Practica/escaPdp.wlk","timeElapsed":188,"timestamp":"2024-10-29T19:29:42.927Z"}
{"level":"info","message":"onRequest - completionItem/resolve","timestamp":"2024-10-29T19:29:42.929Z"}
{"level":"info","message":"⌛ Building environment","timeElapsed":224,"timestamp":"2024-10-29T19:29:43.154Z"}
{"level":"info","message":"onRequest - completionItem/resolve","timestamp":"2024-10-29T19:29:43.155Z"}
{"level":"info","message":"onRequest - completionItem/resolve","timestamp":"2024-10-29T19:29:43.252Z"}
{"level":"info","message":"⌛ Building environment","timeElapsed":177,"timestamp":"2024-10-29T19:29:43.431Z"}
{"level":"info","message":"onRequest - completionItem/resolve","timestamp":"2024-10-29T19:29:43.431Z"}
{"level":"info","message":"⌛ Validating Practica/escaPdp.wlk","timeElapsed":179,"timestamp":"2024-10-29T19:29:43.610Z"}
{"level":"info","message":"⌛ Building environment","timeElapsed":101,"timestamp":"2024-10-29T19:29:43.711Z"}
{"level":"info","message":"onRequest - completionItem/resolve","timestamp":"2024-10-29T19:29:43.711Z"}
{"level":"info","message":"⌛ Validating Practica/escaPdp.wlk","timeElapsed":157,"timestamp":"2024-10-29T19:29:43.868Z"}
{"level":"info","message":"onRequest - completionItem/resolve","timestamp":"2024-10-29T19:29:43.868Z"}
{"level":"info","message":"⌛ Validating Practica/escaPdp.wlk","timeElapsed":157,"timestamp":"2024-10-29T19:29:44.127Z"}
{"level":"info","message":"⌛ Validating Practica/escaPdp.wlk","timeElapsed":134,"timestamp":"2024-10-29T19:29:44.266Z"}
{"level":"info","message":"⌛ Validating Practica/escaPdp.wlk","timeElapsed":164,"timestamp":"2024-10-29T19:29:44.430Z"}
{"level":"info","message":"⌛ Building environment","timeElapsed":119,"timestamp":"2024-10-29T19:29:51.847Z"}
{"level":"info","message":"⌛ Validating Practica/escaPdp.wlk","timeElapsed":117,"timestamp":"2024-10-29T19:29:51.964Z"}
{"level":"info","message":"⌛ Building environment","timeElapsed":108,"timestamp":"2024-10-29T19:30:29.372Z"}
{"level":"info","message":"⌛ Validating Practica/escaPdp.wlk","timeElapsed":148,"timestamp":"2024-10-29T19:30:29.522Z"}
{"level":"info","message":"⌛ Building environment","timeElapsed":134,"timestamp":"2024-10-29T19:30:30.303Z"}
{"level":"info","message":"⌛ Validating Practica/escaPdp.wlk","timeElapsed":159,"timestamp":"2024-10-29T19:30:30.571Z"}
{"level":"info","message":"⌛ Validating Practica/escaPdp.wlk","timeElapsed":144,"timestamp":"2024-10-29T19:30:30.715Z"}
{"level":"info","message":"⌛ Building environment","timeElapsed":103,"timestamp":"2024-10-29T19:30:30.818Z"}
{"level":"info","message":"⌛ Building environment","timeElapsed":147,"timestamp":"2024-10-29T19:30:31.080Z"}
{"level":"info","message":"⌛ Validating Practica/escaPdp.wlk","timeElapsed":222,"timestamp":"2024-10-29T19:30:31.304Z"}
{"level":"info","message":"⌛ Validating Practica/escaPdp.wlk","timeElapsed":138,"timestamp":"2024-10-29T19:30:31.448Z"}
{"level":"info","message":"⌛ Validating Practica/escaPdp.wlk","timeElapsed":150,"timestamp":"2024-10-29T19:30:31.598Z"}
{"level":"info","message":"⌛ Validating Practica/escaPdp.wlk","timeElapsed":142,"timestamp":"2024-10-29T19:30:31.937Z"}
{"level":"info","message":"⌛ Validating Practica/escaPdp.wlk","timeElapsed":144,"timestamp":"2024-10-29T19:30:32.082Z"}
{"level":"info","message":"⌛ Building environment","timeElapsed":112,"timestamp":"2024-10-29T19:30:32.195Z"}
{"level":"info","message":"⌛ Validating Practica/escaPdp.wlk","timeElapsed":135,"timestamp":"2024-10-29T19:30:32.518Z"}
{"level":"info","message":"⌛ Validating Practica/escaPdp.wlk","timeElapsed":188,"timestamp":"2024-10-29T19:30:32.707Z"}
{"level":"info","message":"⌛ Validating Practica/escaPdp.wlk","timeElapsed":225,"timestamp":"2024-10-29T19:30:32.944Z"}
{"level":"info","message":"⌛ Building environment","timeElapsed":116,"timestamp":"2024-10-29T19:30:33.061Z"}
{"level":"info","message":"⌛ Building environment","timeElapsed":104,"timestamp":"2024-10-29T19:30:33.195Z"}
{"level":"info","message":"⌛ Validating Practica/escaPdp.wlk","timeElapsed":147,"timestamp":"2024-10-29T19:30:33.539Z"}
{"level":"info","message":"onRequest - completionItem/resolve","timestamp":"2024-10-29T19:30:33.539Z"}
{"level":"info","message":"⌛ Validating Practica/escaPdp.wlk","timeElapsed":136,"timestamp":"2024-10-29T19:30:33.779Z"}
{"level":"info","message":"⌛ Validating Practica/escaPdp.wlk","timeElapsed":141,"timestamp":"2024-10-29T19:30:33.920Z"}
{"level":"info","message":"⌛ Validating Practica/escaPdp.wlk","timeElapsed":143,"timestamp":"2024-10-29T19:30:34.063Z"}
{"level":"info","message":"⌛ Validating Practica/escaPdp.wlk","timeElapsed":141,"timestamp":"2024-10-29T19:30:34.210Z"}
{"level":"info","message":"⌛ Building environment","timeElapsed":201,"timestamp":"2024-10-29T19:30:34.411Z"}
{"level":"info","message":"⌛ Building environment","timeElapsed":138,"timestamp":"2024-10-29T19:30:34.770Z"}
{"level":"info","message":"⌛ Building environment","timeElapsed":165,"timestamp":"2024-10-29T19:30:34.935Z"}
{"level":"info","message":"⌛ Validating Practica/escaPdp.wlk","timeElapsed":173,"timestamp":"2024-10-29T19:30:35.109Z"}
{"level":"info","message":"⌛ Validating Practica/escaPdp.wlk","timeElapsed":144,"timestamp":"2024-10-29T19:30:35.253Z"}
{"level":"info","message":"⌛ Validating Practica/escaPdp.wlk","timeElapsed":186,"timestamp":"2024-10-29T19:30:35.445Z"}
{"level":"info","message":"⌛ Validating Practica/escaPdp.wlk","timeElapsed":156,"timestamp":"2024-10-29T19:30:35.602Z"}
{"level":"info","message":"⌛ Validating Practica/escaPdp.wlk","timeElapsed":138,"timestamp":"2024-10-29T19:30:35.740Z"}
{"level":"info","message":"⌛ Building environment","timeElapsed":148,"timestamp":"2024-10-29T19:30:35.988Z"}
{"level":"error","message":"✘ Completions for node failed: Error: [Parameter]{1b0781} at Practica/escaPdp.wlk:52 exhausted all cases without a match [Parameter]{1b0781} at Practica/escaPdp.wlk:52 exhausted all cases without a match","stack":"Error: [Parameter]{1b0781} at Practica/escaPdp.wlk:52 exhausted all cases without a match\n    at c:\\Users\\delfi\\.vscode\\extensions\\uqbar.wollok-lsp-ide-0.3.6\\out\\server\\src\\server.js:38:6067\n    at yh (c:\\Users\\delfi\\.vscode\\extensions\\uqbar.wollok-lsp-ide-0.3.6\\out\\server\\src\\server.js:2291:42)\n    at c:\\Users\\delfi\\.vscode\\extensions\\uqbar.wollok-lsp-ide-0.3.6\\out\\server\\src\\server.js:2291:2700\n    at c:\\Users\\delfi\\.vscode\\extensions\\uqbar.wollok-lsp-ide-0.3.6\\out\\server\\src\\server.js:2298:3774\n    at c:\\Users\\delfi\\.vscode\\extensions\\uqbar.wollok-lsp-ide-0.3.6\\out\\server\\src\\server.js:37:74872\n    at Fe (c:\\Users\\delfi\\.vscode\\extensions\\uqbar.wollok-lsp-ide-0.3.6\\out\\server\\src\\server.js:7:8527)\n    at Pt (c:\\Users\\delfi\\.vscode\\extensions\\uqbar.wollok-lsp-ide-0.3.6\\out\\server\\src\\server.js:7:6189)\n    at Gi (c:\\Users\\delfi\\.vscode\\extensions\\uqbar.wollok-lsp-ide-0.3.6\\out\\server\\src\\server.js:7:6378)\n    at Immediate._onImmediate (c:\\Users\\delfi\\.vscode\\extensions\\uqbar.wollok-lsp-ide-0.3.6\\out\\server\\src\\server.js:7:6142)\n    at process.processImmediate (node:internal/timers:483:21)","timestamp":"2024-10-29T19:30:36.014Z"}
{"level":"info","message":"⌛ Validating Practica/escaPdp.wlk","timeElapsed":215,"timestamp":"2024-10-29T19:30:36.416Z"}
{"level":"info","message":"onRequest - completionItem/resolve","timestamp":"2024-10-29T19:30:36.416Z"}
{"level":"info","message":"⌛ Validating Practica/escaPdp.wlk","timeElapsed":144,"timestamp":"2024-10-29T19:30:36.560Z"}
{"level":"error","message":"✘ Completions for node failed: Error: [Parameter]{c5d6e9} at Practica/escaPdp.wlk:52 exhausted all cases without a match [Parameter]{c5d6e9} at Practica/escaPdp.wlk:52 exhausted all cases without a match","stack":"Error: [Parameter]{c5d6e9} at Practica/escaPdp.wlk:52 exhausted all cases without a match\n    at c:\\Users\\delfi\\.vscode\\extensions\\uqbar.wollok-lsp-ide-0.3.6\\out\\server\\src\\server.js:38:6067\n    at yh (c:\\Users\\delfi\\.vscode\\extensions\\uqbar.wollok-lsp-ide-0.3.6\\out\\server\\src\\server.js:2291:42)\n    at c:\\Users\\delfi\\.vscode\\extensions\\uqbar.wollok-lsp-ide-0.3.6\\out\\server\\src\\server.js:2291:2700\n    at c:\\Users\\delfi\\.vscode\\extensions\\uqbar.wollok-lsp-ide-0.3.6\\out\\server\\src\\server.js:2298:3774\n    at c:\\Users\\delfi\\.vscode\\extensions\\uqbar.wollok-lsp-ide-0.3.6\\out\\server\\src\\server.js:37:74872\n    at Fe (c:\\Users\\delfi\\.vscode\\extensions\\uqbar.wollok-lsp-ide-0.3.6\\out\\server\\src\\server.js:7:8527)\n    at Pt (c:\\Users\\delfi\\.vscode\\extensions\\uqbar.wollok-lsp-ide-0.3.6\\out\\server\\src\\server.js:7:6189)\n    at Gi (c:\\Users\\delfi\\.vscode\\extensions\\uqbar.wollok-lsp-ide-0.3.6\\out\\server\\src\\server.js:7:6378)\n    at Immediate._onImmediate (c:\\Users\\delfi\\.vscode\\extensions\\uqbar.wollok-lsp-ide-0.3.6\\out\\server\\src\\server.js:7:6142)\n    at process.processImmediate (node:internal/timers:483:21)","timestamp":"2024-10-29T19:30:36.678Z"}
{"level":"info","message":"⌛ Validating Practica/escaPdp.wlk","timeElapsed":135,"timestamp":"2024-10-29T19:30:36.817Z"}
{"level":"info","message":"⌛ Validating Practica/escaPdp.wlk","timeElapsed":142,"timestamp":"2024-10-29T19:30:37.150Z"}
{"level":"info","message":"⌛ Validating Practica/escaPdp.wlk","timeElapsed":140,"timestamp":"2024-10-29T19:30:37.290Z"}
{"level":"info","message":"⌛ Validating Practica/escaPdp.wlk","timeElapsed":166,"timestamp":"2024-10-29T19:30:37.456Z"}
{"level":"info","message":"⌛ Validating Practica/escaPdp.wlk","timeElapsed":215,"timestamp":"2024-10-29T19:30:38.103Z"}
{"level":"info","message":"⌛ Building environment","timeElapsed":110,"timestamp":"2024-10-29T19:30:38.822Z"}
{"level":"info","message":"⌛ Building environment","timeElapsed":154,"timestamp":"2024-10-29T19:30:39.004Z"}
{"level":"info","message":"⌛ Validating Practica/escaPdp.wlk","timeElapsed":140,"timestamp":"2024-10-29T19:30:39.144Z"}
{"level":"info","message":"onRequest - completionItem/resolve","timestamp":"2024-10-29T19:30:39.145Z"}
{"level":"info","message":"onRequest - completionItem/resolve","timestamp":"2024-10-29T19:30:39.244Z"}
{"level":"info","message":"⌛ Validating Practica/escaPdp.wlk","timeElapsed":140,"timestamp":"2024-10-29T19:30:39.384Z"}
{"level":"info","message":"onRequest - completionItem/resolve","timestamp":"2024-10-29T19:30:39.481Z"}
{"level":"info","message":"onRequest - completionItem/resolve","timestamp":"2024-10-29T19:30:39.575Z"}
{"level":"info","message":"⌛ Validating Practica/escaPdp.wlk","timeElapsed":143,"timestamp":"2024-10-29T19:30:39.719Z"}
{"level":"info","message":"⌛ Validating Practica/escaPdp.wlk","timeElapsed":182,"timestamp":"2024-10-29T19:30:39.909Z"}
{"level":"info","message":"⌛ Validating Practica/escaPdp.wlk","timeElapsed":141,"timestamp":"2024-10-29T19:30:40.050Z"}
{"level":"info","message":"⌛ Validating Practica/escaPdp.wlk","timeElapsed":130,"timestamp":"2024-10-29T19:30:40.404Z"}
{"level":"info","message":"⌛ Validating Practica/escaPdp.wlk","timeElapsed":146,"timestamp":"2024-10-29T19:30:40.651Z"}
{"level":"info","message":"⌛ Building environment","timeElapsed":113,"timestamp":"2024-10-29T19:30:41.238Z"}
{"level":"error","message":"✘ Completions for node failed: Error: [Send]{4105f0} at Practica/escaPdp.wlk:-- exhausted all cases without a match [Send]{4105f0} at Practica/escaPdp.wlk:-- exhausted all cases without a match","stack":"Error: [Send]{4105f0} at Practica/escaPdp.wlk:-- exhausted all cases without a match\n    at c:\\Users\\delfi\\.vscode\\extensions\\uqbar.wollok-lsp-ide-0.3.6\\out\\server\\src\\server.js:38:6067\n    at yh (c:\\Users\\delfi\\.vscode\\extensions\\uqbar.wollok-lsp-ide-0.3.6\\out\\server\\src\\server.js:2291:42)\n    at kh (c:\\Users\\delfi\\.vscode\\extensions\\uqbar.wollok-lsp-ide-0.3.6\\out\\server\\src\\server.js:2291:1004)\n    at Y5n (c:\\Users\\delfi\\.vscode\\extensions\\uqbar.wollok-lsp-ide-0.3.6\\out\\server\\src\\server.js:2291:1160)\n    at c:\\Users\\delfi\\.vscode\\extensions\\uqbar.wollok-lsp-ide-0.3.6\\out\\server\\src\\server.js:38:6056\n    at yh (c:\\Users\\delfi\\.vscode\\extensions\\uqbar.wollok-lsp-ide-0.3.6\\out\\server\\src\\server.js:2291:42)\n    at c:\\Users\\delfi\\.vscode\\extensions\\uqbar.wollok-lsp-ide-0.3.6\\out\\server\\src\\server.js:2291:2700\n    at c:\\Users\\delfi\\.vscode\\extensions\\uqbar.wollok-lsp-ide-0.3.6\\out\\server\\src\\server.js:2298:3774\n    at c:\\Users\\delfi\\.vscode\\extensions\\uqbar.wollok-lsp-ide-0.3.6\\out\\server\\src\\server.js:37:74872\n    at Fe (c:\\Users\\delfi\\.vscode\\extensions\\uqbar.wollok-lsp-ide-0.3.6\\out\\server\\src\\server.js:7:8527)","timestamp":"2024-10-29T19:30:41.262Z"}
{"level":"error","message":"✘ Completions for node failed: Error: [Assignment]{e10669} at Practica/escaPdp.wlk:53 exhausted all cases without a match [Assignment]{e10669} at Practica/escaPdp.wlk:53 exhausted all cases without a match","stack":"Error: [Assignment]{e10669} at Practica/escaPdp.wlk:53 exhausted all cases without a match\n    at c:\\Users\\delfi\\.vscode\\extensions\\uqbar.wollok-lsp-ide-0.3.6\\out\\server\\src\\server.js:38:6067\n    at yh (c:\\Users\\delfi\\.vscode\\extensions\\uqbar.wollok-lsp-ide-0.3.6\\out\\server\\src\\server.js:2291:42)\n    at kh (c:\\Users\\delfi\\.vscode\\extensions\\uqbar.wollok-lsp-ide-0.3.6\\out\\server\\src\\server.js:2291:1004)\n    at yh (c:\\Users\\delfi\\.vscode\\extensions\\uqbar.wollok-lsp-ide-0.3.6\\out\\server\\src\\server.js:2291:456)\n    at kh (c:\\Users\\delfi\\.vscode\\extensions\\uqbar.wollok-lsp-ide-0.3.6\\out\\server\\src\\server.js:2291:1004)\n    at Y5n (c:\\Users\\delfi\\.vscode\\extensions\\uqbar.wollok-lsp-ide-0.3.6\\out\\server\\src\\server.js:2291:1160)\n    at c:\\Users\\delfi\\.vscode\\extensions\\uqbar.wollok-lsp-ide-0.3.6\\out\\server\\src\\server.js:38:6056\n    at yh (c:\\Users\\delfi\\.vscode\\extensions\\uqbar.wollok-lsp-ide-0.3.6\\out\\server\\src\\server.js:2291:42)\n    at c:\\Users\\delfi\\.vscode\\extensions\\uqbar.wollok-lsp-ide-0.3.6\\out\\server\\src\\server.js:2291:2700\n    at c:\\Users\\delfi\\.vscode\\extensions\\uqbar.wollok-lsp-ide-0.3.6\\out\\server\\src\\server.js:2298:3774","timestamp":"2024-10-29T19:30:41.262Z"}
{"level":"info","message":"⌛ Validating Practica/escaPdp.wlk","timeElapsed":214,"timestamp":"2024-10-29T19:30:41.570Z"}
{"level":"info","message":"onRequest - completionItem/resolve","timestamp":"2024-10-29T19:30:41.570Z"}
{"level":"info","message":"onRequest - completionItem/resolve","timestamp":"2024-10-29T19:30:41.672Z"}
{"level":"info","message":"⌛ Validating Practica/escaPdp.wlk","timeElapsed":153,"timestamp":"2024-10-29T19:30:41.825Z"}
{"level":"info","message":"onRequest - completionItem/resolve","timestamp":"2024-10-29T19:30:41.926Z"}
{"level":"info","message":"onRequest - completionItem/resolve","timestamp":"2024-10-29T19:30:42.018Z"}
{"level":"info","message":"onRequest - completionItem/resolve","timestamp":"2024-10-29T19:30:42.110Z"}
{"level":"info","message":"⌛ Validating Practica/escaPdp.wlk","timeElapsed":144,"timestamp":"2024-10-29T19:30:42.255Z"}
{"level":"info","message":"⌛ Validating Practica/escaPdp.wlk","timeElapsed":137,"timestamp":"2024-10-29T19:30:42.398Z"}
{"level":"info","message":"⌛ Validating Practica/escaPdp.wlk","timeElapsed":148,"timestamp":"2024-10-29T19:30:42.547Z"}
{"level":"info","message":"⌛ Validating Practica/escaPdp.wlk","timeElapsed":187,"timestamp":"2024-10-29T19:30:42.733Z"}
{"level":"info","message":"⌛ Building environment","timeElapsed":132,"timestamp":"2024-10-29T19:30:44.171Z"}
{"level":"info","message":"⌛ Validating Practica/escaPdp.wlk","timeElapsed":127,"timestamp":"2024-10-29T19:30:44.298Z"}
{"level":"info","message":"⌛ Building environment","timeElapsed":126,"timestamp":"2024-10-29T19:30:44.538Z"}
{"level":"info","message":"⌛ Validating Practica/escaPdp.wlk","timeElapsed":156,"timestamp":"2024-10-29T19:30:44.695Z"}
